[2018-05-21 01:29:11] lumen.ERROR: ErrorException: Array to string conversion in /var/www/frontend-test/nadezhda.atanasova/storage/framework/views/95beaa2fc75004847513355b3e332b02d0442c79.php:159
Stack trace:
#0 /var/www/frontend-test/nadezhda.atanasova/storage/framework/views/95beaa2fc75004847513355b3e332b02d0442c79.php(159): Laravel\Lumen\Application->Laravel\Lumen\Concerns\{closure}(8, 'Array to string...', '/var/www/fronte...', 159, Array)
#1 /var/www/frontend-test/nadezhda.atanasova/vendor/illuminate/view/Engines/PhpEngine.php(42): include('/var/www/fronte...')
#2 /var/www/frontend-test/nadezhda.atanasova/vendor/illuminate/view/Engines/CompilerEngine.php(59): Illuminate\View\Engines\PhpEngine->evaluatePath('/var/www/fronte...', Array)
#3 /var/www/frontend-test/nadezhda.atanasova/vendor/illuminate/view/View.php(135): Illuminate\View\Engines\CompilerEngine->get('/var/www/fronte...', Array)
#4 /var/www/frontend-test/nadezhda.atanasova/vendor/illuminate/view/View.php(106): Illuminate\View\View->getContents()
#5 /var/www/frontend-test/nadezhda.atanasova/vendor/illuminate/view/View.php(80): Illuminate\View\View->renderContents()
#6 /var/www/frontend-test/nadezhda.atanasova/vendor/illuminate/http/Response.php(52): Illuminate\View\View->render()
#7 /var/www/frontend-test/nadezhda.atanasova/vendor/symfony/http-foundation/Response.php(197): Illuminate\Http\Response->setContent(Object(Illuminate\View\View))
#8 /var/www/frontend-test/nadezhda.atanasova/vendor/laravel/lumen-framework/src/Concerns/RoutesRequests.php(634): Symfony\Component\HttpFoundation\Response->__construct(Object(Illuminate\View\View))
#9 /var/www/frontend-test/nadezhda.atanasova/vendor/laravel/lumen-framework/src/Concerns/RoutesRequests.php(496): Laravel\Lumen\Application->prepareResponse(Object(Illuminate\View\View))
#10 /var/www/frontend-test/nadezhda.atanasova/vendor/laravel/lumen-framework/src/Concerns/RoutesRequests.php(470): Laravel\Lumen\Application->callActionOnArrayBasedRoute(Array)
#11 /var/www/frontend-test/nadezhda.atanasova/vendor/laravel/lumen-framework/src/Concerns/RoutesRequests.php(372): Laravel\Lumen\Application->handleFoundRoute(Array)
#12 /var/www/frontend-test/nadezhda.atanasova/vendor/laravel/lumen-framework/src/Concerns/RoutesRequests.php(620): Laravel\Lumen\Application->Laravel\Lumen\Concerns\{closure}()
#13 /var/www/frontend-test/nadezhda.atanasova/vendor/laravel/lumen-framework/src/Concerns/RoutesRequests.php(378): Laravel\Lumen\Application->sendThroughPipeline(Array, Object(Closure))
#14 /var/www/frontend-test/nadezhda.atanasova/vendor/laravel/lumen-framework/src/Concerns/RoutesRequests.php(323): Laravel\Lumen\Application->dispatch(Object(Illuminate\Http\Request))
#15 /var/www/frontend-test/nadezhda.atanasova/public/index.php(28): Laravel\Lumen\Application->run(Object(Illuminate\Http\Request))
#16 {main}

Next ErrorException: Array to string conversion (View: /var/www/frontend-test/nadezhda.atanasova/resources/views/index.blade.php) in /var/www/frontend-test/nadezhda.atanasova/storage/framework/views/95beaa2fc75004847513355b3e332b02d0442c79.php:159
Stack trace:
#0 /var/www/frontend-test/nadezhda.atanasova/vendor/illuminate/view/Engines/PhpEngine.php(44): Illuminate\View\Engines\CompilerEngine->handleViewException(Object(ErrorException), 2)
#1 /var/www/frontend-test/nadezhda.atanasova/vendor/illuminate/view/Engines/CompilerEngine.php(59): Illuminate\View\Engines\PhpEngine->evaluatePath('/var/www/fronte...', Array)
#2 /var/www/frontend-test/nadezhda.atanasova/vendor/illuminate/view/View.php(135): Illuminate\View\Engines\CompilerEngine->get('/var/www/fronte...', Array)
#3 /var/www/frontend-test/nadezhda.atanasova/vendor/illuminate/view/View.php(106): Illuminate\View\View->getContents()
#4 /var/www/frontend-test/nadezhda.atanasova/vendor/illuminate/view/View.php(80): Illuminate\View\View->renderContents()
#5 /var/www/frontend-test/nadezhda.atanasova/vendor/illuminate/http/Response.php(52): Illuminate\View\View->render()
#6 /var/www/frontend-test/nadezhda.atanasova/vendor/symfony/http-foundation/Response.php(197): Illuminate\Http\Response->setContent(Object(Illuminate\View\View))
#7 /var/www/frontend-test/nadezhda.atanasova/vendor/laravel/lumen-framework/src/Concerns/RoutesRequests.php(634): Symfony\Component\HttpFoundation\Response->__construct(Object(Illuminate\View\View))
#8 /var/www/frontend-test/nadezhda.atanasova/vendor/laravel/lumen-framework/src/Concerns/RoutesRequests.php(496): Laravel\Lumen\Application->prepareResponse(Object(Illuminate\View\View))
#9 /var/www/frontend-test/nadezhda.atanasova/vendor/laravel/lumen-framework/src/Concerns/RoutesRequests.php(470): Laravel\Lumen\Application->callActionOnArrayBasedRoute(Array)
#10 /var/www/frontend-test/nadezhda.atanasova/vendor/laravel/lumen-framework/src/Concerns/RoutesRequests.php(372): Laravel\Lumen\Application->handleFoundRoute(Array)
#11 /var/www/frontend-test/nadezhda.atanasova/vendor/laravel/lumen-framework/src/Concerns/RoutesRequests.php(620): Laravel\Lumen\Application->Laravel\Lumen\Concerns\{closure}()
#12 /var/www/frontend-test/nadezhda.atanasova/vendor/laravel/lumen-framework/src/Concerns/RoutesRequests.php(378): Laravel\Lumen\Application->sendThroughPipeline(Array, Object(Closure))
#13 /var/www/frontend-test/nadezhda.atanasova/vendor/laravel/lumen-framework/src/Concerns/RoutesRequests.php(323): Laravel\Lumen\Application->dispatch(Object(Illuminate\Http\Request))
#14 /var/www/frontend-test/nadezhda.atanasova/public/index.php(28): Laravel\Lumen\Application->run(Object(Illuminate\Http\Request))
#15 {main}  
[2018-05-21 18:29:08] lumen.ERROR: Symfony\Component\Debug\Exception\FatalThrowableError: Parse error: syntax error, unexpected 'sort' (T_STRING), expecting ',' or ';' in /var/www/frontend-test/nadezhda.atanasova/storage/framework/views/95beaa2fc75004847513355b3e332b02d0442c79.php:166
Stack trace:
#0 /var/www/frontend-test/nadezhda.atanasova/vendor/illuminate/view/Engines/CompilerEngine.php(59): Illuminate\View\Engines\PhpEngine->evaluatePath('/var/www/fronte...', Array)
#1 /var/www/frontend-test/nadezhda.atanasova/vendor/illuminate/view/View.php(135): Illuminate\View\Engines\CompilerEngine->get('/var/www/fronte...', Array)
#2 /var/www/frontend-test/nadezhda.atanasova/vendor/illuminate/view/View.php(106): Illuminate\View\View->getContents()
#3 /var/www/frontend-test/nadezhda.atanasova/vendor/illuminate/view/View.php(80): Illuminate\View\View->renderContents()
#4 /var/www/frontend-test/nadezhda.atanasova/vendor/illuminate/http/Response.php(52): Illuminate\View\View->render()
#5 /var/www/frontend-test/nadezhda.atanasova/vendor/symfony/http-foundation/Response.php(197): Illuminate\Http\Response->setContent(Object(Illuminate\View\View))
#6 /var/www/frontend-test/nadezhda.atanasova/vendor/laravel/lumen-framework/src/Concerns/RoutesRequests.php(634): Symfony\Component\HttpFoundation\Response->__construct(Object(Illuminate\View\View))
#7 /var/www/frontend-test/nadezhda.atanasova/vendor/laravel/lumen-framework/src/Concerns/RoutesRequests.php(496): Laravel\Lumen\Application->prepareResponse(Object(Illuminate\View\View))
#8 /var/www/frontend-test/nadezhda.atanasova/vendor/laravel/lumen-framework/src/Concerns/RoutesRequests.php(470): Laravel\Lumen\Application->callActionOnArrayBasedRoute(Array)
#9 /var/www/frontend-test/nadezhda.atanasova/vendor/laravel/lumen-framework/src/Concerns/RoutesRequests.php(372): Laravel\Lumen\Application->handleFoundRoute(Array)
#10 /var/www/frontend-test/nadezhda.atanasova/vendor/laravel/lumen-framework/src/Concerns/RoutesRequests.php(620): Laravel\Lumen\Application->Laravel\Lumen\Concerns\{closure}()
#11 /var/www/frontend-test/nadezhda.atanasova/vendor/laravel/lumen-framework/src/Concerns/RoutesRequests.php(378): Laravel\Lumen\Application->sendThroughPipeline(Array, Object(Closure))
#12 /var/www/frontend-test/nadezhda.atanasova/vendor/laravel/lumen-framework/src/Concerns/RoutesRequests.php(323): Laravel\Lumen\Application->dispatch(Object(Illuminate\Http\Request))
#13 /var/www/frontend-test/nadezhda.atanasova/public/index.php(28): Laravel\Lumen\Application->run(Object(Illuminate\Http\Request))
#14 {main}

Next ErrorException: Parse error: syntax error, unexpected 'sort' (T_STRING), expecting ',' or ';' (View: /var/www/frontend-test/nadezhda.atanasova/resources/views/index.blade.php) in /var/www/frontend-test/nadezhda.atanasova/storage/framework/views/95beaa2fc75004847513355b3e332b02d0442c79.php:166
Stack trace:
#0 /var/www/frontend-test/nadezhda.atanasova/vendor/illuminate/view/Engines/PhpEngine.php(46): Illuminate\View\Engines\CompilerEngine->handleViewException(Object(Symfony\Component\Debug\Exception\FatalThrowableError), 2)
#1 /var/www/frontend-test/nadezhda.atanasova/vendor/illuminate/view/Engines/CompilerEngine.php(59): Illuminate\View\Engines\PhpEngine->evaluatePath('/var/www/fronte...', Array)
#2 /var/www/frontend-test/nadezhda.atanasova/vendor/illuminate/view/View.php(135): Illuminate\View\Engines\CompilerEngine->get('/var/www/fronte...', Array)
#3 /var/www/frontend-test/nadezhda.atanasova/vendor/illuminate/view/View.php(106): Illuminate\View\View->getContents()
#4 /var/www/frontend-test/nadezhda.atanasova/vendor/illuminate/view/View.php(80): Illuminate\View\View->renderContents()
#5 /var/www/frontend-test/nadezhda.atanasova/vendor/illuminate/http/Response.php(52): Illuminate\View\View->render()
#6 /var/www/frontend-test/nadezhda.atanasova/vendor/symfony/http-foundation/Response.php(197): Illuminate\Http\Response->setContent(Object(Illuminate\View\View))
#7 /var/www/frontend-test/nadezhda.atanasova/vendor/laravel/lumen-framework/src/Concerns/RoutesRequests.php(634): Symfony\Component\HttpFoundation\Response->__construct(Object(Illuminate\View\View))
#8 /var/www/frontend-test/nadezhda.atanasova/vendor/laravel/lumen-framework/src/Concerns/RoutesRequests.php(496): Laravel\Lumen\Application->prepareResponse(Object(Illuminate\View\View))
#9 /var/www/frontend-test/nadezhda.atanasova/vendor/laravel/lumen-framework/src/Concerns/RoutesRequests.php(470): Laravel\Lumen\Application->callActionOnArrayBasedRoute(Array)
#10 /var/www/frontend-test/nadezhda.atanasova/vendor/laravel/lumen-framework/src/Concerns/RoutesRequests.php(372): Laravel\Lumen\Application->handleFoundRoute(Array)
#11 /var/www/frontend-test/nadezhda.atanasova/vendor/laravel/lumen-framework/src/Concerns/RoutesRequests.php(620): Laravel\Lumen\Application->Laravel\Lumen\Concerns\{closure}()
#12 /var/www/frontend-test/nadezhda.atanasova/vendor/laravel/lumen-framework/src/Concerns/RoutesRequests.php(378): Laravel\Lumen\Application->sendThroughPipeline(Array, Object(Closure))
#13 /var/www/frontend-test/nadezhda.atanasova/vendor/laravel/lumen-framework/src/Concerns/RoutesRequests.php(323): Laravel\Lumen\Application->dispatch(Object(Illuminate\Http\Request))
#14 /var/www/frontend-test/nadezhda.atanasova/public/index.php(28): Laravel\Lumen\Application->run(Object(Illuminate\Http\Request))
#15 {main}  
[2018-05-21 18:39:25] lumen.ERROR: Symfony\Component\Debug\Exception\FatalThrowableError: Parse error: syntax error, unexpected 'sort' (T_STRING), expecting ',' or ';' in /var/www/frontend-test/nadezhda.atanasova/storage/framework/views/95beaa2fc75004847513355b3e332b02d0442c79.php:166
Stack trace:
#0 /var/www/frontend-test/nadezhda.atanasova/vendor/illuminate/view/Engines/CompilerEngine.php(59): Illuminate\View\Engines\PhpEngine->evaluatePath('/var/www/fronte...', Array)
#1 /var/www/frontend-test/nadezhda.atanasova/vendor/illuminate/view/View.php(135): Illuminate\View\Engines\CompilerEngine->get('/var/www/fronte...', Array)
#2 /var/www/frontend-test/nadezhda.atanasova/vendor/illuminate/view/View.php(106): Illuminate\View\View->getContents()
#3 /var/www/frontend-test/nadezhda.atanasova/vendor/illuminate/view/View.php(80): Illuminate\View\View->renderContents()
#4 /var/www/frontend-test/nadezhda.atanasova/vendor/illuminate/http/Response.php(52): Illuminate\View\View->render()
#5 /var/www/frontend-test/nadezhda.atanasova/vendor/symfony/http-foundation/Response.php(197): Illuminate\Http\Response->setContent(Object(Illuminate\View\View))
#6 /var/www/frontend-test/nadezhda.atanasova/vendor/laravel/lumen-framework/src/Concerns/RoutesRequests.php(634): Symfony\Component\HttpFoundation\Response->__construct(Object(Illuminate\View\View))
#7 /var/www/frontend-test/nadezhda.atanasova/vendor/laravel/lumen-framework/src/Concerns/RoutesRequests.php(496): Laravel\Lumen\Application->prepareResponse(Object(Illuminate\View\View))
#8 /var/www/frontend-test/nadezhda.atanasova/vendor/laravel/lumen-framework/src/Concerns/RoutesRequests.php(470): Laravel\Lumen\Application->callActionOnArrayBasedRoute(Array)
#9 /var/www/frontend-test/nadezhda.atanasova/vendor/laravel/lumen-framework/src/Concerns/RoutesRequests.php(372): Laravel\Lumen\Application->handleFoundRoute(Array)
#10 /var/www/frontend-test/nadezhda.atanasova/vendor/laravel/lumen-framework/src/Concerns/RoutesRequests.php(620): Laravel\Lumen\Application->Laravel\Lumen\Concerns\{closure}()
#11 /var/www/frontend-test/nadezhda.atanasova/vendor/laravel/lumen-framework/src/Concerns/RoutesRequests.php(378): Laravel\Lumen\Application->sendThroughPipeline(Array, Object(Closure))
#12 /var/www/frontend-test/nadezhda.atanasova/vendor/laravel/lumen-framework/src/Concerns/RoutesRequests.php(323): Laravel\Lumen\Application->dispatch(Object(Illuminate\Http\Request))
#13 /var/www/frontend-test/nadezhda.atanasova/public/index.php(28): Laravel\Lumen\Application->run(Object(Illuminate\Http\Request))
#14 {main}

Next ErrorException: Parse error: syntax error, unexpected 'sort' (T_STRING), expecting ',' or ';' (View: /var/www/frontend-test/nadezhda.atanasova/resources/views/index.blade.php) in /var/www/frontend-test/nadezhda.atanasova/storage/framework/views/95beaa2fc75004847513355b3e332b02d0442c79.php:166
Stack trace:
#0 /var/www/frontend-test/nadezhda.atanasova/vendor/illuminate/view/Engines/PhpEngine.php(46): Illuminate\View\Engines\CompilerEngine->handleViewException(Object(Symfony\Component\Debug\Exception\FatalThrowableError), 2)
#1 /var/www/frontend-test/nadezhda.atanasova/vendor/illuminate/view/Engines/CompilerEngine.php(59): Illuminate\View\Engines\PhpEngine->evaluatePath('/var/www/fronte...', Array)
#2 /var/www/frontend-test/nadezhda.atanasova/vendor/illuminate/view/View.php(135): Illuminate\View\Engines\CompilerEngine->get('/var/www/fronte...', Array)
#3 /var/www/frontend-test/nadezhda.atanasova/vendor/illuminate/view/View.php(106): Illuminate\View\View->getContents()
#4 /var/www/frontend-test/nadezhda.atanasova/vendor/illuminate/view/View.php(80): Illuminate\View\View->renderContents()
#5 /var/www/frontend-test/nadezhda.atanasova/vendor/illuminate/http/Response.php(52): Illuminate\View\View->render()
#6 /var/www/frontend-test/nadezhda.atanasova/vendor/symfony/http-foundation/Response.php(197): Illuminate\Http\Response->setContent(Object(Illuminate\View\View))
#7 /var/www/frontend-test/nadezhda.atanasova/vendor/laravel/lumen-framework/src/Concerns/RoutesRequests.php(634): Symfony\Component\HttpFoundation\Response->__construct(Object(Illuminate\View\View))
#8 /var/www/frontend-test/nadezhda.atanasova/vendor/laravel/lumen-framework/src/Concerns/RoutesRequests.php(496): Laravel\Lumen\Application->prepareResponse(Object(Illuminate\View\View))
#9 /var/www/frontend-test/nadezhda.atanasova/vendor/laravel/lumen-framework/src/Concerns/RoutesRequests.php(470): Laravel\Lumen\Application->callActionOnArrayBasedRoute(Array)
#10 /var/www/frontend-test/nadezhda.atanasova/vendor/laravel/lumen-framework/src/Concerns/RoutesRequests.php(372): Laravel\Lumen\Application->handleFoundRoute(Array)
#11 /var/www/frontend-test/nadezhda.atanasova/vendor/laravel/lumen-framework/src/Concerns/RoutesRequests.php(620): Laravel\Lumen\Application->Laravel\Lumen\Concerns\{closure}()
#12 /var/www/frontend-test/nadezhda.atanasova/vendor/laravel/lumen-framework/src/Concerns/RoutesRequests.php(378): Laravel\Lumen\Application->sendThroughPipeline(Array, Object(Closure))
#13 /var/www/frontend-test/nadezhda.atanasova/vendor/laravel/lumen-framework/src/Concerns/RoutesRequests.php(323): Laravel\Lumen\Application->dispatch(Object(Illuminate\Http\Request))
#14 /var/www/frontend-test/nadezhda.atanasova/public/index.php(28): Laravel\Lumen\Application->run(Object(Illuminate\Http\Request))
#15 {main}  
[2018-05-21 19:11:42] lumen.ERROR: Symfony\Component\Debug\Exception\FatalThrowableError: Parse error: syntax error, unexpected '$products' (T_VARIABLE), expecting ',' or ';' in /var/www/frontend-test/nadezhda.atanasova/storage/framework/views/95beaa2fc75004847513355b3e332b02d0442c79.php:166
Stack trace:
#0 /var/www/frontend-test/nadezhda.atanasova/vendor/illuminate/view/Engines/CompilerEngine.php(59): Illuminate\View\Engines\PhpEngine->evaluatePath('/var/www/fronte...', Array)
#1 /var/www/frontend-test/nadezhda.atanasova/vendor/illuminate/view/View.php(135): Illuminate\View\Engines\CompilerEngine->get('/var/www/fronte...', Array)
#2 /var/www/frontend-test/nadezhda.atanasova/vendor/illuminate/view/View.php(106): Illuminate\View\View->getContents()
#3 /var/www/frontend-test/nadezhda.atanasova/vendor/illuminate/view/View.php(80): Illuminate\View\View->renderContents()
#4 /var/www/frontend-test/nadezhda.atanasova/vendor/illuminate/http/Response.php(52): Illuminate\View\View->render()
#5 /var/www/frontend-test/nadezhda.atanasova/vendor/symfony/http-foundation/Response.php(197): Illuminate\Http\Response->setContent(Object(Illuminate\View\View))
#6 /var/www/frontend-test/nadezhda.atanasova/vendor/laravel/lumen-framework/src/Concerns/RoutesRequests.php(634): Symfony\Component\HttpFoundation\Response->__construct(Object(Illuminate\View\View))
#7 /var/www/frontend-test/nadezhda.atanasova/vendor/laravel/lumen-framework/src/Concerns/RoutesRequests.php(496): Laravel\Lumen\Application->prepareResponse(Object(Illuminate\View\View))
#8 /var/www/frontend-test/nadezhda.atanasova/vendor/laravel/lumen-framework/src/Concerns/RoutesRequests.php(470): Laravel\Lumen\Application->callActionOnArrayBasedRoute(Array)
#9 /var/www/frontend-test/nadezhda.atanasova/vendor/laravel/lumen-framework/src/Concerns/RoutesRequests.php(372): Laravel\Lumen\Application->handleFoundRoute(Array)
#10 /var/www/frontend-test/nadezhda.atanasova/vendor/laravel/lumen-framework/src/Concerns/RoutesRequests.php(620): Laravel\Lumen\Application->Laravel\Lumen\Concerns\{closure}()
#11 /var/www/frontend-test/nadezhda.atanasova/vendor/laravel/lumen-framework/src/Concerns/RoutesRequests.php(378): Laravel\Lumen\Application->sendThroughPipeline(Array, Object(Closure))
#12 /var/www/frontend-test/nadezhda.atanasova/vendor/laravel/lumen-framework/src/Concerns/RoutesRequests.php(323): Laravel\Lumen\Application->dispatch(Object(Illuminate\Http\Request))
#13 /var/www/frontend-test/nadezhda.atanasova/public/index.php(28): Laravel\Lumen\Application->run(Object(Illuminate\Http\Request))
#14 {main}

Next ErrorException: Parse error: syntax error, unexpected '$products' (T_VARIABLE), expecting ',' or ';' (View: /var/www/frontend-test/nadezhda.atanasova/resources/views/index.blade.php) in /var/www/frontend-test/nadezhda.atanasova/storage/framework/views/95beaa2fc75004847513355b3e332b02d0442c79.php:166
Stack trace:
#0 /var/www/frontend-test/nadezhda.atanasova/vendor/illuminate/view/Engines/PhpEngine.php(46): Illuminate\View\Engines\CompilerEngine->handleViewException(Object(Symfony\Component\Debug\Exception\FatalThrowableError), 2)
#1 /var/www/frontend-test/nadezhda.atanasova/vendor/illuminate/view/Engines/CompilerEngine.php(59): Illuminate\View\Engines\PhpEngine->evaluatePath('/var/www/fronte...', Array)
#2 /var/www/frontend-test/nadezhda.atanasova/vendor/illuminate/view/View.php(135): Illuminate\View\Engines\CompilerEngine->get('/var/www/fronte...', Array)
#3 /var/www/frontend-test/nadezhda.atanasova/vendor/illuminate/view/View.php(106): Illuminate\View\View->getContents()
#4 /var/www/frontend-test/nadezhda.atanasova/vendor/illuminate/view/View.php(80): Illuminate\View\View->renderContents()
#5 /var/www/frontend-test/nadezhda.atanasova/vendor/illuminate/http/Response.php(52): Illuminate\View\View->render()
#6 /var/www/frontend-test/nadezhda.atanasova/vendor/symfony/http-foundation/Response.php(197): Illuminate\Http\Response->setContent(Object(Illuminate\View\View))
#7 /var/www/frontend-test/nadezhda.atanasova/vendor/laravel/lumen-framework/src/Concerns/RoutesRequests.php(634): Symfony\Component\HttpFoundation\Response->__construct(Object(Illuminate\View\View))
#8 /var/www/frontend-test/nadezhda.atanasova/vendor/laravel/lumen-framework/src/Concerns/RoutesRequests.php(496): Laravel\Lumen\Application->prepareResponse(Object(Illuminate\View\View))
#9 /var/www/frontend-test/nadezhda.atanasova/vendor/laravel/lumen-framework/src/Concerns/RoutesRequests.php(470): Laravel\Lumen\Application->callActionOnArrayBasedRoute(Array)
#10 /var/www/frontend-test/nadezhda.atanasova/vendor/laravel/lumen-framework/src/Concerns/RoutesRequests.php(372): Laravel\Lumen\Application->handleFoundRoute(Array)
#11 /var/www/frontend-test/nadezhda.atanasova/vendor/laravel/lumen-framework/src/Concerns/RoutesRequests.php(620): Laravel\Lumen\Application->Laravel\Lumen\Concerns\{closure}()
#12 /var/www/frontend-test/nadezhda.atanasova/vendor/laravel/lumen-framework/src/Concerns/RoutesRequests.php(378): Laravel\Lumen\Application->sendThroughPipeline(Array, Object(Closure))
#13 /var/www/frontend-test/nadezhda.atanasova/vendor/laravel/lumen-framework/src/Concerns/RoutesRequests.php(323): Laravel\Lumen\Application->dispatch(Object(Illuminate\Http\Request))
#14 /var/www/frontend-test/nadezhda.atanasova/public/index.php(28): Laravel\Lumen\Application->run(Object(Illuminate\Http\Request))
#15 {main}  
[2018-05-21 19:17:24] lumen.ERROR: Symfony\Component\Debug\Exception\FatalThrowableError: Parse error: syntax error, unexpected '$products' (T_VARIABLE), expecting ',' or ';' in /var/www/frontend-test/nadezhda.atanasova/storage/framework/views/95beaa2fc75004847513355b3e332b02d0442c79.php:166
Stack trace:
#0 /var/www/frontend-test/nadezhda.atanasova/vendor/illuminate/view/Engines/CompilerEngine.php(59): Illuminate\View\Engines\PhpEngine->evaluatePath('/var/www/fronte...', Array)
#1 /var/www/frontend-test/nadezhda.atanasova/vendor/illuminate/view/View.php(135): Illuminate\View\Engines\CompilerEngine->get('/var/www/fronte...', Array)
#2 /var/www/frontend-test/nadezhda.atanasova/vendor/illuminate/view/View.php(106): Illuminate\View\View->getContents()
#3 /var/www/frontend-test/nadezhda.atanasova/vendor/illuminate/view/View.php(80): Illuminate\View\View->renderContents()
#4 /var/www/frontend-test/nadezhda.atanasova/vendor/illuminate/http/Response.php(52): Illuminate\View\View->render()
#5 /var/www/frontend-test/nadezhda.atanasova/vendor/symfony/http-foundation/Response.php(197): Illuminate\Http\Response->setContent(Object(Illuminate\View\View))
#6 /var/www/frontend-test/nadezhda.atanasova/vendor/laravel/lumen-framework/src/Concerns/RoutesRequests.php(634): Symfony\Component\HttpFoundation\Response->__construct(Object(Illuminate\View\View))
#7 /var/www/frontend-test/nadezhda.atanasova/vendor/laravel/lumen-framework/src/Concerns/RoutesRequests.php(496): Laravel\Lumen\Application->prepareResponse(Object(Illuminate\View\View))
#8 /var/www/frontend-test/nadezhda.atanasova/vendor/laravel/lumen-framework/src/Concerns/RoutesRequests.php(470): Laravel\Lumen\Application->callActionOnArrayBasedRoute(Array)
#9 /var/www/frontend-test/nadezhda.atanasova/vendor/laravel/lumen-framework/src/Concerns/RoutesRequests.php(372): Laravel\Lumen\Application->handleFoundRoute(Array)
#10 /var/www/frontend-test/nadezhda.atanasova/vendor/laravel/lumen-framework/src/Concerns/RoutesRequests.php(620): Laravel\Lumen\Application->Laravel\Lumen\Concerns\{closure}()
#11 /var/www/frontend-test/nadezhda.atanasova/vendor/laravel/lumen-framework/src/Concerns/RoutesRequests.php(378): Laravel\Lumen\Application->sendThroughPipeline(Array, Object(Closure))
#12 /var/www/frontend-test/nadezhda.atanasova/vendor/laravel/lumen-framework/src/Concerns/RoutesRequests.php(323): Laravel\Lumen\Application->dispatch(Object(Illuminate\Http\Request))
#13 /var/www/frontend-test/nadezhda.atanasova/public/index.php(28): Laravel\Lumen\Application->run(Object(Illuminate\Http\Request))
#14 {main}

Next ErrorException: Parse error: syntax error, unexpected '$products' (T_VARIABLE), expecting ',' or ';' (View: /var/www/frontend-test/nadezhda.atanasova/resources/views/index.blade.php) in /var/www/frontend-test/nadezhda.atanasova/storage/framework/views/95beaa2fc75004847513355b3e332b02d0442c79.php:166
Stack trace:
#0 /var/www/frontend-test/nadezhda.atanasova/vendor/illuminate/view/Engines/PhpEngine.php(46): Illuminate\View\Engines\CompilerEngine->handleViewException(Object(Symfony\Component\Debug\Exception\FatalThrowableError), 2)
#1 /var/www/frontend-test/nadezhda.atanasova/vendor/illuminate/view/Engines/CompilerEngine.php(59): Illuminate\View\Engines\PhpEngine->evaluatePath('/var/www/fronte...', Array)
#2 /var/www/frontend-test/nadezhda.atanasova/vendor/illuminate/view/View.php(135): Illuminate\View\Engines\CompilerEngine->get('/var/www/fronte...', Array)
#3 /var/www/frontend-test/nadezhda.atanasova/vendor/illuminate/view/View.php(106): Illuminate\View\View->getContents()
#4 /var/www/frontend-test/nadezhda.atanasova/vendor/illuminate/view/View.php(80): Illuminate\View\View->renderContents()
#5 /var/www/frontend-test/nadezhda.atanasova/vendor/illuminate/http/Response.php(52): Illuminate\View\View->render()
#6 /var/www/frontend-test/nadezhda.atanasova/vendor/symfony/http-foundation/Response.php(197): Illuminate\Http\Response->setContent(Object(Illuminate\View\View))
#7 /var/www/frontend-test/nadezhda.atanasova/vendor/laravel/lumen-framework/src/Concerns/RoutesRequests.php(634): Symfony\Component\HttpFoundation\Response->__construct(Object(Illuminate\View\View))
#8 /var/www/frontend-test/nadezhda.atanasova/vendor/laravel/lumen-framework/src/Concerns/RoutesRequests.php(496): Laravel\Lumen\Application->prepareResponse(Object(Illuminate\View\View))
#9 /var/www/frontend-test/nadezhda.atanasova/vendor/laravel/lumen-framework/src/Concerns/RoutesRequests.php(470): Laravel\Lumen\Application->callActionOnArrayBasedRoute(Array)
#10 /var/www/frontend-test/nadezhda.atanasova/vendor/laravel/lumen-framework/src/Concerns/RoutesRequests.php(372): Laravel\Lumen\Application->handleFoundRoute(Array)
#11 /var/www/frontend-test/nadezhda.atanasova/vendor/laravel/lumen-framework/src/Concerns/RoutesRequests.php(620): Laravel\Lumen\Application->Laravel\Lumen\Concerns\{closure}()
#12 /var/www/frontend-test/nadezhda.atanasova/vendor/laravel/lumen-framework/src/Concerns/RoutesRequests.php(378): Laravel\Lumen\Application->sendThroughPipeline(Array, Object(Closure))
#13 /var/www/frontend-test/nadezhda.atanasova/vendor/laravel/lumen-framework/src/Concerns/RoutesRequests.php(323): Laravel\Lumen\Application->dispatch(Object(Illuminate\Http\Request))
#14 /var/www/frontend-test/nadezhda.atanasova/public/index.php(28): Laravel\Lumen\Application->run(Object(Illuminate\Http\Request))
#15 {main}  
[2018-05-21 19:19:18] lumen.ERROR: Symfony\Component\Debug\Exception\FatalThrowableError: Parse error: syntax error, unexpected '$array' (T_VARIABLE), expecting ',' or ';' in /var/www/frontend-test/nadezhda.atanasova/storage/framework/views/95beaa2fc75004847513355b3e332b02d0442c79.php:166
Stack trace:
#0 /var/www/frontend-test/nadezhda.atanasova/vendor/illuminate/view/Engines/CompilerEngine.php(59): Illuminate\View\Engines\PhpEngine->evaluatePath('/var/www/fronte...', Array)
#1 /var/www/frontend-test/nadezhda.atanasova/vendor/illuminate/view/View.php(135): Illuminate\View\Engines\CompilerEngine->get('/var/www/fronte...', Array)
#2 /var/www/frontend-test/nadezhda.atanasova/vendor/illuminate/view/View.php(106): Illuminate\View\View->getContents()
#3 /var/www/frontend-test/nadezhda.atanasova/vendor/illuminate/view/View.php(80): Illuminate\View\View->renderContents()
#4 /var/www/frontend-test/nadezhda.atanasova/vendor/illuminate/http/Response.php(52): Illuminate\View\View->render()
#5 /var/www/frontend-test/nadezhda.atanasova/vendor/symfony/http-foundation/Response.php(197): Illuminate\Http\Response->setContent(Object(Illuminate\View\View))
#6 /var/www/frontend-test/nadezhda.atanasova/vendor/laravel/lumen-framework/src/Concerns/RoutesRequests.php(634): Symfony\Component\HttpFoundation\Response->__construct(Object(Illuminate\View\View))
#7 /var/www/frontend-test/nadezhda.atanasova/vendor/laravel/lumen-framework/src/Concerns/RoutesRequests.php(496): Laravel\Lumen\Application->prepareResponse(Object(Illuminate\View\View))
#8 /var/www/frontend-test/nadezhda.atanasova/vendor/laravel/lumen-framework/src/Concerns/RoutesRequests.php(470): Laravel\Lumen\Application->callActionOnArrayBasedRoute(Array)
#9 /var/www/frontend-test/nadezhda.atanasova/vendor/laravel/lumen-framework/src/Concerns/RoutesRequests.php(372): Laravel\Lumen\Application->handleFoundRoute(Array)
#10 /var/www/frontend-test/nadezhda.atanasova/vendor/laravel/lumen-framework/src/Concerns/RoutesRequests.php(620): Laravel\Lumen\Application->Laravel\Lumen\Concerns\{closure}()
#11 /var/www/frontend-test/nadezhda.atanasova/vendor/laravel/lumen-framework/src/Concerns/RoutesRequests.php(378): Laravel\Lumen\Application->sendThroughPipeline(Array, Object(Closure))
#12 /var/www/frontend-test/nadezhda.atanasova/vendor/laravel/lumen-framework/src/Concerns/RoutesRequests.php(323): Laravel\Lumen\Application->dispatch(Object(Illuminate\Http\Request))
#13 /var/www/frontend-test/nadezhda.atanasova/public/index.php(28): Laravel\Lumen\Application->run(Object(Illuminate\Http\Request))
#14 {main}

Next ErrorException: Parse error: syntax error, unexpected '$array' (T_VARIABLE), expecting ',' or ';' (View: /var/www/frontend-test/nadezhda.atanasova/resources/views/index.blade.php) in /var/www/frontend-test/nadezhda.atanasova/storage/framework/views/95beaa2fc75004847513355b3e332b02d0442c79.php:166
Stack trace:
#0 /var/www/frontend-test/nadezhda.atanasova/vendor/illuminate/view/Engines/PhpEngine.php(46): Illuminate\View\Engines\CompilerEngine->handleViewException(Object(Symfony\Component\Debug\Exception\FatalThrowableError), 2)
#1 /var/www/frontend-test/nadezhda.atanasova/vendor/illuminate/view/Engines/CompilerEngine.php(59): Illuminate\View\Engines\PhpEngine->evaluatePath('/var/www/fronte...', Array)
#2 /var/www/frontend-test/nadezhda.atanasova/vendor/illuminate/view/View.php(135): Illuminate\View\Engines\CompilerEngine->get('/var/www/fronte...', Array)
#3 /var/www/frontend-test/nadezhda.atanasova/vendor/illuminate/view/View.php(106): Illuminate\View\View->getContents()
#4 /var/www/frontend-test/nadezhda.atanasova/vendor/illuminate/view/View.php(80): Illuminate\View\View->renderContents()
#5 /var/www/frontend-test/nadezhda.atanasova/vendor/illuminate/http/Response.php(52): Illuminate\View\View->render()
#6 /var/www/frontend-test/nadezhda.atanasova/vendor/symfony/http-foundation/Response.php(197): Illuminate\Http\Response->setContent(Object(Illuminate\View\View))
#7 /var/www/frontend-test/nadezhda.atanasova/vendor/laravel/lumen-framework/src/Concerns/RoutesRequests.php(634): Symfony\Component\HttpFoundation\Response->__construct(Object(Illuminate\View\View))
#8 /var/www/frontend-test/nadezhda.atanasova/vendor/laravel/lumen-framework/src/Concerns/RoutesRequests.php(496): Laravel\Lumen\Application->prepareResponse(Object(Illuminate\View\View))
#9 /var/www/frontend-test/nadezhda.atanasova/vendor/laravel/lumen-framework/src/Concerns/RoutesRequests.php(470): Laravel\Lumen\Application->callActionOnArrayBasedRoute(Array)
#10 /var/www/frontend-test/nadezhda.atanasova/vendor/laravel/lumen-framework/src/Concerns/RoutesRequests.php(372): Laravel\Lumen\Application->handleFoundRoute(Array)
#11 /var/www/frontend-test/nadezhda.atanasova/vendor/laravel/lumen-framework/src/Concerns/RoutesRequests.php(620): Laravel\Lumen\Application->Laravel\Lumen\Concerns\{closure}()
#12 /var/www/frontend-test/nadezhda.atanasova/vendor/laravel/lumen-framework/src/Concerns/RoutesRequests.php(378): Laravel\Lumen\Application->sendThroughPipeline(Array, Object(Closure))
#13 /var/www/frontend-test/nadezhda.atanasova/vendor/laravel/lumen-framework/src/Concerns/RoutesRequests.php(323): Laravel\Lumen\Application->dispatch(Object(Illuminate\Http\Request))
#14 /var/www/frontend-test/nadezhda.atanasova/public/index.php(28): Laravel\Lumen\Application->run(Object(Illuminate\Http\Request))
#15 {main}  
[2018-05-21 19:19:19] lumen.ERROR: Symfony\Component\Debug\Exception\FatalThrowableError: Parse error: syntax error, unexpected '$array' (T_VARIABLE), expecting ',' or ';' in /var/www/frontend-test/nadezhda.atanasova/storage/framework/views/95beaa2fc75004847513355b3e332b02d0442c79.php:166
Stack trace:
#0 /var/www/frontend-test/nadezhda.atanasova/vendor/illuminate/view/Engines/CompilerEngine.php(59): Illuminate\View\Engines\PhpEngine->evaluatePath('/var/www/fronte...', Array)
#1 /var/www/frontend-test/nadezhda.atanasova/vendor/illuminate/view/View.php(135): Illuminate\View\Engines\CompilerEngine->get('/var/www/fronte...', Array)
#2 /var/www/frontend-test/nadezhda.atanasova/vendor/illuminate/view/View.php(106): Illuminate\View\View->getContents()
#3 /var/www/frontend-test/nadezhda.atanasova/vendor/illuminate/view/View.php(80): Illuminate\View\View->renderContents()
#4 /var/www/frontend-test/nadezhda.atanasova/vendor/illuminate/http/Response.php(52): Illuminate\View\View->render()
#5 /var/www/frontend-test/nadezhda.atanasova/vendor/symfony/http-foundation/Response.php(197): Illuminate\Http\Response->setContent(Object(Illuminate\View\View))
#6 /var/www/frontend-test/nadezhda.atanasova/vendor/laravel/lumen-framework/src/Concerns/RoutesRequests.php(634): Symfony\Component\HttpFoundation\Response->__construct(Object(Illuminate\View\View))
#7 /var/www/frontend-test/nadezhda.atanasova/vendor/laravel/lumen-framework/src/Concerns/RoutesRequests.php(496): Laravel\Lumen\Application->prepareResponse(Object(Illuminate\View\View))
#8 /var/www/frontend-test/nadezhda.atanasova/vendor/laravel/lumen-framework/src/Concerns/RoutesRequests.php(470): Laravel\Lumen\Application->callActionOnArrayBasedRoute(Array)
#9 /var/www/frontend-test/nadezhda.atanasova/vendor/laravel/lumen-framework/src/Concerns/RoutesRequests.php(372): Laravel\Lumen\Application->handleFoundRoute(Array)
#10 /var/www/frontend-test/nadezhda.atanasova/vendor/laravel/lumen-framework/src/Concerns/RoutesRequests.php(620): Laravel\Lumen\Application->Laravel\Lumen\Concerns\{closure}()
#11 /var/www/frontend-test/nadezhda.atanasova/vendor/laravel/lumen-framework/src/Concerns/RoutesRequests.php(378): Laravel\Lumen\Application->sendThroughPipeline(Array, Object(Closure))
#12 /var/www/frontend-test/nadezhda.atanasova/vendor/laravel/lumen-framework/src/Concerns/RoutesRequests.php(323): Laravel\Lumen\Application->dispatch(Object(Illuminate\Http\Request))
#13 /var/www/frontend-test/nadezhda.atanasova/public/index.php(28): Laravel\Lumen\Application->run(Object(Illuminate\Http\Request))
#14 {main}

Next ErrorException: Parse error: syntax error, unexpected '$array' (T_VARIABLE), expecting ',' or ';' (View: /var/www/frontend-test/nadezhda.atanasova/resources/views/index.blade.php) in /var/www/frontend-test/nadezhda.atanasova/storage/framework/views/95beaa2fc75004847513355b3e332b02d0442c79.php:166
Stack trace:
#0 /var/www/frontend-test/nadezhda.atanasova/vendor/illuminate/view/Engines/PhpEngine.php(46): Illuminate\View\Engines\CompilerEngine->handleViewException(Object(Symfony\Component\Debug\Exception\FatalThrowableError), 2)
#1 /var/www/frontend-test/nadezhda.atanasova/vendor/illuminate/view/Engines/CompilerEngine.php(59): Illuminate\View\Engines\PhpEngine->evaluatePath('/var/www/fronte...', Array)
#2 /var/www/frontend-test/nadezhda.atanasova/vendor/illuminate/view/View.php(135): Illuminate\View\Engines\CompilerEngine->get('/var/www/fronte...', Array)
#3 /var/www/frontend-test/nadezhda.atanasova/vendor/illuminate/view/View.php(106): Illuminate\View\View->getContents()
#4 /var/www/frontend-test/nadezhda.atanasova/vendor/illuminate/view/View.php(80): Illuminate\View\View->renderContents()
#5 /var/www/frontend-test/nadezhda.atanasova/vendor/illuminate/http/Response.php(52): Illuminate\View\View->render()
#6 /var/www/frontend-test/nadezhda.atanasova/vendor/symfony/http-foundation/Response.php(197): Illuminate\Http\Response->setContent(Object(Illuminate\View\View))
#7 /var/www/frontend-test/nadezhda.atanasova/vendor/laravel/lumen-framework/src/Concerns/RoutesRequests.php(634): Symfony\Component\HttpFoundation\Response->__construct(Object(Illuminate\View\View))
#8 /var/www/frontend-test/nadezhda.atanasova/vendor/laravel/lumen-framework/src/Concerns/RoutesRequests.php(496): Laravel\Lumen\Application->prepareResponse(Object(Illuminate\View\View))
#9 /var/www/frontend-test/nadezhda.atanasova/vendor/laravel/lumen-framework/src/Concerns/RoutesRequests.php(470): Laravel\Lumen\Application->callActionOnArrayBasedRoute(Array)
#10 /var/www/frontend-test/nadezhda.atanasova/vendor/laravel/lumen-framework/src/Concerns/RoutesRequests.php(372): Laravel\Lumen\Application->handleFoundRoute(Array)
#11 /var/www/frontend-test/nadezhda.atanasova/vendor/laravel/lumen-framework/src/Concerns/RoutesRequests.php(620): Laravel\Lumen\Application->Laravel\Lumen\Concerns\{closure}()
#12 /var/www/frontend-test/nadezhda.atanasova/vendor/laravel/lumen-framework/src/Concerns/RoutesRequests.php(378): Laravel\Lumen\Application->sendThroughPipeline(Array, Object(Closure))
#13 /var/www/frontend-test/nadezhda.atanasova/vendor/laravel/lumen-framework/src/Concerns/RoutesRequests.php(323): Laravel\Lumen\Application->dispatch(Object(Illuminate\Http\Request))
#14 /var/www/frontend-test/nadezhda.atanasova/public/index.php(28): Laravel\Lumen\Application->run(Object(Illuminate\Http\Request))
#15 {main}  
[2018-05-21 19:19:20] lumen.ERROR: Symfony\Component\Debug\Exception\FatalThrowableError: Parse error: syntax error, unexpected '$array' (T_VARIABLE), expecting ',' or ';' in /var/www/frontend-test/nadezhda.atanasova/storage/framework/views/95beaa2fc75004847513355b3e332b02d0442c79.php:166
Stack trace:
#0 /var/www/frontend-test/nadezhda.atanasova/vendor/illuminate/view/Engines/CompilerEngine.php(59): Illuminate\View\Engines\PhpEngine->evaluatePath('/var/www/fronte...', Array)
#1 /var/www/frontend-test/nadezhda.atanasova/vendor/illuminate/view/View.php(135): Illuminate\View\Engines\CompilerEngine->get('/var/www/fronte...', Array)
#2 /var/www/frontend-test/nadezhda.atanasova/vendor/illuminate/view/View.php(106): Illuminate\View\View->getContents()
#3 /var/www/frontend-test/nadezhda.atanasova/vendor/illuminate/view/View.php(80): Illuminate\View\View->renderContents()
#4 /var/www/frontend-test/nadezhda.atanasova/vendor/illuminate/http/Response.php(52): Illuminate\View\View->render()
#5 /var/www/frontend-test/nadezhda.atanasova/vendor/symfony/http-foundation/Response.php(197): Illuminate\Http\Response->setContent(Object(Illuminate\View\View))
#6 /var/www/frontend-test/nadezhda.atanasova/vendor/laravel/lumen-framework/src/Concerns/RoutesRequests.php(634): Symfony\Component\HttpFoundation\Response->__construct(Object(Illuminate\View\View))
#7 /var/www/frontend-test/nadezhda.atanasova/vendor/laravel/lumen-framework/src/Concerns/RoutesRequests.php(496): Laravel\Lumen\Application->prepareResponse(Object(Illuminate\View\View))
#8 /var/www/frontend-test/nadezhda.atanasova/vendor/laravel/lumen-framework/src/Concerns/RoutesRequests.php(470): Laravel\Lumen\Application->callActionOnArrayBasedRoute(Array)
#9 /var/www/frontend-test/nadezhda.atanasova/vendor/laravel/lumen-framework/src/Concerns/RoutesRequests.php(372): Laravel\Lumen\Application->handleFoundRoute(Array)
#10 /var/www/frontend-test/nadezhda.atanasova/vendor/laravel/lumen-framework/src/Concerns/RoutesRequests.php(620): Laravel\Lumen\Application->Laravel\Lumen\Concerns\{closure}()
#11 /var/www/frontend-test/nadezhda.atanasova/vendor/laravel/lumen-framework/src/Concerns/RoutesRequests.php(378): Laravel\Lumen\Application->sendThroughPipeline(Array, Object(Closure))
#12 /var/www/frontend-test/nadezhda.atanasova/vendor/laravel/lumen-framework/src/Concerns/RoutesRequests.php(323): Laravel\Lumen\Application->dispatch(Object(Illuminate\Http\Request))
#13 /var/www/frontend-test/nadezhda.atanasova/public/index.php(28): Laravel\Lumen\Application->run(Object(Illuminate\Http\Request))
#14 {main}

Next ErrorException: Parse error: syntax error, unexpected '$array' (T_VARIABLE), expecting ',' or ';' (View: /var/www/frontend-test/nadezhda.atanasova/resources/views/index.blade.php) in /var/www/frontend-test/nadezhda.atanasova/storage/framework/views/95beaa2fc75004847513355b3e332b02d0442c79.php:166
Stack trace:
#0 /var/www/frontend-test/nadezhda.atanasova/vendor/illuminate/view/Engines/PhpEngine.php(46): Illuminate\View\Engines\CompilerEngine->handleViewException(Object(Symfony\Component\Debug\Exception\FatalThrowableError), 2)
#1 /var/www/frontend-test/nadezhda.atanasova/vendor/illuminate/view/Engines/CompilerEngine.php(59): Illuminate\View\Engines\PhpEngine->evaluatePath('/var/www/fronte...', Array)
#2 /var/www/frontend-test/nadezhda.atanasova/vendor/illuminate/view/View.php(135): Illuminate\View\Engines\CompilerEngine->get('/var/www/fronte...', Array)
#3 /var/www/frontend-test/nadezhda.atanasova/vendor/illuminate/view/View.php(106): Illuminate\View\View->getContents()
#4 /var/www/frontend-test/nadezhda.atanasova/vendor/illuminate/view/View.php(80): Illuminate\View\View->renderContents()
#5 /var/www/frontend-test/nadezhda.atanasova/vendor/illuminate/http/Response.php(52): Illuminate\View\View->render()
#6 /var/www/frontend-test/nadezhda.atanasova/vendor/symfony/http-foundation/Response.php(197): Illuminate\Http\Response->setContent(Object(Illuminate\View\View))
#7 /var/www/frontend-test/nadezhda.atanasova/vendor/laravel/lumen-framework/src/Concerns/RoutesRequests.php(634): Symfony\Component\HttpFoundation\Response->__construct(Object(Illuminate\View\View))
#8 /var/www/frontend-test/nadezhda.atanasova/vendor/laravel/lumen-framework/src/Concerns/RoutesRequests.php(496): Laravel\Lumen\Application->prepareResponse(Object(Illuminate\View\View))
#9 /var/www/frontend-test/nadezhda.atanasova/vendor/laravel/lumen-framework/src/Concerns/RoutesRequests.php(470): Laravel\Lumen\Application->callActionOnArrayBasedRoute(Array)
#10 /var/www/frontend-test/nadezhda.atanasova/vendor/laravel/lumen-framework/src/Concerns/RoutesRequests.php(372): Laravel\Lumen\Application->handleFoundRoute(Array)
#11 /var/www/frontend-test/nadezhda.atanasova/vendor/laravel/lumen-framework/src/Concerns/RoutesRequests.php(620): Laravel\Lumen\Application->Laravel\Lumen\Concerns\{closure}()
#12 /var/www/frontend-test/nadezhda.atanasova/vendor/laravel/lumen-framework/src/Concerns/RoutesRequests.php(378): Laravel\Lumen\Application->sendThroughPipeline(Array, Object(Closure))
#13 /var/www/frontend-test/nadezhda.atanasova/vendor/laravel/lumen-framework/src/Concerns/RoutesRequests.php(323): Laravel\Lumen\Application->dispatch(Object(Illuminate\Http\Request))
#14 /var/www/frontend-test/nadezhda.atanasova/public/index.php(28): Laravel\Lumen\Application->run(Object(Illuminate\Http\Request))
#15 {main}  
[2018-05-21 19:21:55] lumen.ERROR: ErrorException: Array to string conversion in /var/www/frontend-test/nadezhda.atanasova/storage/framework/views/95beaa2fc75004847513355b3e332b02d0442c79.php:175
Stack trace:
#0 /var/www/frontend-test/nadezhda.atanasova/storage/framework/views/95beaa2fc75004847513355b3e332b02d0442c79.php(175): Laravel\Lumen\Application->Laravel\Lumen\Concerns\{closure}(8, 'Array to string...', '/var/www/fronte...', 175, Array)
#1 /var/www/frontend-test/nadezhda.atanasova/vendor/illuminate/view/Engines/PhpEngine.php(42): include('/var/www/fronte...')
#2 /var/www/frontend-test/nadezhda.atanasova/vendor/illuminate/view/Engines/CompilerEngine.php(59): Illuminate\View\Engines\PhpEngine->evaluatePath('/var/www/fronte...', Array)
#3 /var/www/frontend-test/nadezhda.atanasova/vendor/illuminate/view/View.php(135): Illuminate\View\Engines\CompilerEngine->get('/var/www/fronte...', Array)
#4 /var/www/frontend-test/nadezhda.atanasova/vendor/illuminate/view/View.php(106): Illuminate\View\View->getContents()
#5 /var/www/frontend-test/nadezhda.atanasova/vendor/illuminate/view/View.php(80): Illuminate\View\View->renderContents()
#6 /var/www/frontend-test/nadezhda.atanasova/vendor/illuminate/http/Response.php(52): Illuminate\View\View->render()
#7 /var/www/frontend-test/nadezhda.atanasova/vendor/symfony/http-foundation/Response.php(197): Illuminate\Http\Response->setContent(Object(Illuminate\View\View))
#8 /var/www/frontend-test/nadezhda.atanasova/vendor/laravel/lumen-framework/src/Concerns/RoutesRequests.php(634): Symfony\Component\HttpFoundation\Response->__construct(Object(Illuminate\View\View))
#9 /var/www/frontend-test/nadezhda.atanasova/vendor/laravel/lumen-framework/src/Concerns/RoutesRequests.php(496): Laravel\Lumen\Application->prepareResponse(Object(Illuminate\View\View))
#10 /var/www/frontend-test/nadezhda.atanasova/vendor/laravel/lumen-framework/src/Concerns/RoutesRequests.php(470): Laravel\Lumen\Application->callActionOnArrayBasedRoute(Array)
#11 /var/www/frontend-test/nadezhda.atanasova/vendor/laravel/lumen-framework/src/Concerns/RoutesRequests.php(372): Laravel\Lumen\Application->handleFoundRoute(Array)
#12 /var/www/frontend-test/nadezhda.atanasova/vendor/laravel/lumen-framework/src/Concerns/RoutesRequests.php(620): Laravel\Lumen\Application->Laravel\Lumen\Concerns\{closure}()
#13 /var/www/frontend-test/nadezhda.atanasova/vendor/laravel/lumen-framework/src/Concerns/RoutesRequests.php(378): Laravel\Lumen\Application->sendThroughPipeline(Array, Object(Closure))
#14 /var/www/frontend-test/nadezhda.atanasova/vendor/laravel/lumen-framework/src/Concerns/RoutesRequests.php(323): Laravel\Lumen\Application->dispatch(Object(Illuminate\Http\Request))
#15 /var/www/frontend-test/nadezhda.atanasova/public/index.php(28): Laravel\Lumen\Application->run(Object(Illuminate\Http\Request))
#16 {main}

Next ErrorException: Array to string conversion (View: /var/www/frontend-test/nadezhda.atanasova/resources/views/index.blade.php) in /var/www/frontend-test/nadezhda.atanasova/storage/framework/views/95beaa2fc75004847513355b3e332b02d0442c79.php:175
Stack trace:
#0 /var/www/frontend-test/nadezhda.atanasova/vendor/illuminate/view/Engines/PhpEngine.php(44): Illuminate\View\Engines\CompilerEngine->handleViewException(Object(ErrorException), 2)
#1 /var/www/frontend-test/nadezhda.atanasova/vendor/illuminate/view/Engines/CompilerEngine.php(59): Illuminate\View\Engines\PhpEngine->evaluatePath('/var/www/fronte...', Array)
#2 /var/www/frontend-test/nadezhda.atanasova/vendor/illuminate/view/View.php(135): Illuminate\View\Engines\CompilerEngine->get('/var/www/fronte...', Array)
#3 /var/www/frontend-test/nadezhda.atanasova/vendor/illuminate/view/View.php(106): Illuminate\View\View->getContents()
#4 /var/www/frontend-test/nadezhda.atanasova/vendor/illuminate/view/View.php(80): Illuminate\View\View->renderContents()
#5 /var/www/frontend-test/nadezhda.atanasova/vendor/illuminate/http/Response.php(52): Illuminate\View\View->render()
#6 /var/www/frontend-test/nadezhda.atanasova/vendor/symfony/http-foundation/Response.php(197): Illuminate\Http\Response->setContent(Object(Illuminate\View\View))
#7 /var/www/frontend-test/nadezhda.atanasova/vendor/laravel/lumen-framework/src/Concerns/RoutesRequests.php(634): Symfony\Component\HttpFoundation\Response->__construct(Object(Illuminate\View\View))
#8 /var/www/frontend-test/nadezhda.atanasova/vendor/laravel/lumen-framework/src/Concerns/RoutesRequests.php(496): Laravel\Lumen\Application->prepareResponse(Object(Illuminate\View\View))
#9 /var/www/frontend-test/nadezhda.atanasova/vendor/laravel/lumen-framework/src/Concerns/RoutesRequests.php(470): Laravel\Lumen\Application->callActionOnArrayBasedRoute(Array)
#10 /var/www/frontend-test/nadezhda.atanasova/vendor/laravel/lumen-framework/src/Concerns/RoutesRequests.php(372): Laravel\Lumen\Application->handleFoundRoute(Array)
#11 /var/www/frontend-test/nadezhda.atanasova/vendor/laravel/lumen-framework/src/Concerns/RoutesRequests.php(620): Laravel\Lumen\Application->Laravel\Lumen\Concerns\{closure}()
#12 /var/www/frontend-test/nadezhda.atanasova/vendor/laravel/lumen-framework/src/Concerns/RoutesRequests.php(378): Laravel\Lumen\Application->sendThroughPipeline(Array, Object(Closure))
#13 /var/www/frontend-test/nadezhda.atanasova/vendor/laravel/lumen-framework/src/Concerns/RoutesRequests.php(323): Laravel\Lumen\Application->dispatch(Object(Illuminate\Http\Request))
#14 /var/www/frontend-test/nadezhda.atanasova/public/index.php(28): Laravel\Lumen\Application->run(Object(Illuminate\Http\Request))
#15 {main}  
[2018-05-21 20:58:12] lumen.ERROR: ErrorException: Undefined offset: 1 in /var/www/frontend-test/nadezhda.atanasova/storage/framework/views/95beaa2fc75004847513355b3e332b02d0442c79.php:175
Stack trace:
#0 /var/www/frontend-test/nadezhda.atanasova/storage/framework/views/95beaa2fc75004847513355b3e332b02d0442c79.php(175): Laravel\Lumen\Application->Laravel\Lumen\Concerns\{closure}(8, 'Undefined offse...', '/var/www/fronte...', 175, Array)
#1 /var/www/frontend-test/nadezhda.atanasova/vendor/illuminate/view/Engines/PhpEngine.php(42): include('/var/www/fronte...')
#2 /var/www/frontend-test/nadezhda.atanasova/vendor/illuminate/view/Engines/CompilerEngine.php(59): Illuminate\View\Engines\PhpEngine->evaluatePath('/var/www/fronte...', Array)
#3 /var/www/frontend-test/nadezhda.atanasova/vendor/illuminate/view/View.php(135): Illuminate\View\Engines\CompilerEngine->get('/var/www/fronte...', Array)
#4 /var/www/frontend-test/nadezhda.atanasova/vendor/illuminate/view/View.php(106): Illuminate\View\View->getContents()
#5 /var/www/frontend-test/nadezhda.atanasova/vendor/illuminate/view/View.php(80): Illuminate\View\View->renderContents()
#6 /var/www/frontend-test/nadezhda.atanasova/vendor/illuminate/http/Response.php(52): Illuminate\View\View->render()
#7 /var/www/frontend-test/nadezhda.atanasova/vendor/symfony/http-foundation/Response.php(197): Illuminate\Http\Response->setContent(Object(Illuminate\View\View))
#8 /var/www/frontend-test/nadezhda.atanasova/vendor/laravel/lumen-framework/src/Concerns/RoutesRequests.php(634): Symfony\Component\HttpFoundation\Response->__construct(Object(Illuminate\View\View))
#9 /var/www/frontend-test/nadezhda.atanasova/vendor/laravel/lumen-framework/src/Concerns/RoutesRequests.php(496): Laravel\Lumen\Application->prepareResponse(Object(Illuminate\View\View))
#10 /var/www/frontend-test/nadezhda.atanasova/vendor/laravel/lumen-framework/src/Concerns/RoutesRequests.php(470): Laravel\Lumen\Application->callActionOnArrayBasedRoute(Array)
#11 /var/www/frontend-test/nadezhda.atanasova/vendor/laravel/lumen-framework/src/Concerns/RoutesRequests.php(372): Laravel\Lumen\Application->handleFoundRoute(Array)
#12 /var/www/frontend-test/nadezhda.atanasova/vendor/laravel/lumen-framework/src/Concerns/RoutesRequests.php(620): Laravel\Lumen\Application->Laravel\Lumen\Concerns\{closure}()
#13 /var/www/frontend-test/nadezhda.atanasova/vendor/laravel/lumen-framework/src/Concerns/RoutesRequests.php(378): Laravel\Lumen\Application->sendThroughPipeline(Array, Object(Closure))
#14 /var/www/frontend-test/nadezhda.atanasova/vendor/laravel/lumen-framework/src/Concerns/RoutesRequests.php(323): Laravel\Lumen\Application->dispatch(Object(Illuminate\Http\Request))
#15 /var/www/frontend-test/nadezhda.atanasova/public/index.php(28): Laravel\Lumen\Application->run(Object(Illuminate\Http\Request))
#16 {main}

Next ErrorException: Undefined offset: 1 (View: /var/www/frontend-test/nadezhda.atanasova/resources/views/index.blade.php) in /var/www/frontend-test/nadezhda.atanasova/storage/framework/views/95beaa2fc75004847513355b3e332b02d0442c79.php:175
Stack trace:
#0 /var/www/frontend-test/nadezhda.atanasova/vendor/illuminate/view/Engines/PhpEngine.php(44): Illuminate\View\Engines\CompilerEngine->handleViewException(Object(ErrorException), 2)
#1 /var/www/frontend-test/nadezhda.atanasova/vendor/illuminate/view/Engines/CompilerEngine.php(59): Illuminate\View\Engines\PhpEngine->evaluatePath('/var/www/fronte...', Array)
#2 /var/www/frontend-test/nadezhda.atanasova/vendor/illuminate/view/View.php(135): Illuminate\View\Engines\CompilerEngine->get('/var/www/fronte...', Array)
#3 /var/www/frontend-test/nadezhda.atanasova/vendor/illuminate/view/View.php(106): Illuminate\View\View->getContents()
#4 /var/www/frontend-test/nadezhda.atanasova/vendor/illuminate/view/View.php(80): Illuminate\View\View->renderContents()
#5 /var/www/frontend-test/nadezhda.atanasova/vendor/illuminate/http/Response.php(52): Illuminate\View\View->render()
#6 /var/www/frontend-test/nadezhda.atanasova/vendor/symfony/http-foundation/Response.php(197): Illuminate\Http\Response->setContent(Object(Illuminate\View\View))
#7 /var/www/frontend-test/nadezhda.atanasova/vendor/laravel/lumen-framework/src/Concerns/RoutesRequests.php(634): Symfony\Component\HttpFoundation\Response->__construct(Object(Illuminate\View\View))
#8 /var/www/frontend-test/nadezhda.atanasova/vendor/laravel/lumen-framework/src/Concerns/RoutesRequests.php(496): Laravel\Lumen\Application->prepareResponse(Object(Illuminate\View\View))
#9 /var/www/frontend-test/nadezhda.atanasova/vendor/laravel/lumen-framework/src/Concerns/RoutesRequests.php(470): Laravel\Lumen\Application->callActionOnArrayBasedRoute(Array)
#10 /var/www/frontend-test/nadezhda.atanasova/vendor/laravel/lumen-framework/src/Concerns/RoutesRequests.php(372): Laravel\Lumen\Application->handleFoundRoute(Array)
#11 /var/www/frontend-test/nadezhda.atanasova/vendor/laravel/lumen-framework/src/Concerns/RoutesRequests.php(620): Laravel\Lumen\Application->Laravel\Lumen\Concerns\{closure}()
#12 /var/www/frontend-test/nadezhda.atanasova/vendor/laravel/lumen-framework/src/Concerns/RoutesRequests.php(378): Laravel\Lumen\Application->sendThroughPipeline(Array, Object(Closure))
#13 /var/www/frontend-test/nadezhda.atanasova/vendor/laravel/lumen-framework/src/Concerns/RoutesRequests.php(323): Laravel\Lumen\Application->dispatch(Object(Illuminate\Http\Request))
#14 /var/www/frontend-test/nadezhda.atanasova/public/index.php(28): Laravel\Lumen\Application->run(Object(Illuminate\Http\Request))
#15 {main}  
[2018-05-21 20:58:14] lumen.ERROR: ErrorException: Undefined offset: 1 in /var/www/frontend-test/nadezhda.atanasova/storage/framework/views/95beaa2fc75004847513355b3e332b02d0442c79.php:175
Stack trace:
#0 /var/www/frontend-test/nadezhda.atanasova/storage/framework/views/95beaa2fc75004847513355b3e332b02d0442c79.php(175): Laravel\Lumen\Application->Laravel\Lumen\Concerns\{closure}(8, 'Undefined offse...', '/var/www/fronte...', 175, Array)
#1 /var/www/frontend-test/nadezhda.atanasova/vendor/illuminate/view/Engines/PhpEngine.php(42): include('/var/www/fronte...')
#2 /var/www/frontend-test/nadezhda.atanasova/vendor/illuminate/view/Engines/CompilerEngine.php(59): Illuminate\View\Engines\PhpEngine->evaluatePath('/var/www/fronte...', Array)
#3 /var/www/frontend-test/nadezhda.atanasova/vendor/illuminate/view/View.php(135): Illuminate\View\Engines\CompilerEngine->get('/var/www/fronte...', Array)
#4 /var/www/frontend-test/nadezhda.atanasova/vendor/illuminate/view/View.php(106): Illuminate\View\View->getContents()
#5 /var/www/frontend-test/nadezhda.atanasova/vendor/illuminate/view/View.php(80): Illuminate\View\View->renderContents()
#6 /var/www/frontend-test/nadezhda.atanasova/vendor/illuminate/http/Response.php(52): Illuminate\View\View->render()
#7 /var/www/frontend-test/nadezhda.atanasova/vendor/symfony/http-foundation/Response.php(197): Illuminate\Http\Response->setContent(Object(Illuminate\View\View))
#8 /var/www/frontend-test/nadezhda.atanasova/vendor/laravel/lumen-framework/src/Concerns/RoutesRequests.php(634): Symfony\Component\HttpFoundation\Response->__construct(Object(Illuminate\View\View))
#9 /var/www/frontend-test/nadezhda.atanasova/vendor/laravel/lumen-framework/src/Concerns/RoutesRequests.php(496): Laravel\Lumen\Application->prepareResponse(Object(Illuminate\View\View))
#10 /var/www/frontend-test/nadezhda.atanasova/vendor/laravel/lumen-framework/src/Concerns/RoutesRequests.php(470): Laravel\Lumen\Application->callActionOnArrayBasedRoute(Array)
#11 /var/www/frontend-test/nadezhda.atanasova/vendor/laravel/lumen-framework/src/Concerns/RoutesRequests.php(372): Laravel\Lumen\Application->handleFoundRoute(Array)
#12 /var/www/frontend-test/nadezhda.atanasova/vendor/laravel/lumen-framework/src/Concerns/RoutesRequests.php(620): Laravel\Lumen\Application->Laravel\Lumen\Concerns\{closure}()
#13 /var/www/frontend-test/nadezhda.atanasova/vendor/laravel/lumen-framework/src/Concerns/RoutesRequests.php(378): Laravel\Lumen\Application->sendThroughPipeline(Array, Object(Closure))
#14 /var/www/frontend-test/nadezhda.atanasova/vendor/laravel/lumen-framework/src/Concerns/RoutesRequests.php(323): Laravel\Lumen\Application->dispatch(Object(Illuminate\Http\Request))
#15 /var/www/frontend-test/nadezhda.atanasova/public/index.php(28): Laravel\Lumen\Application->run(Object(Illuminate\Http\Request))
#16 {main}

Next ErrorException: Undefined offset: 1 (View: /var/www/frontend-test/nadezhda.atanasova/resources/views/index.blade.php) in /var/www/frontend-test/nadezhda.atanasova/storage/framework/views/95beaa2fc75004847513355b3e332b02d0442c79.php:175
Stack trace:
#0 /var/www/frontend-test/nadezhda.atanasova/vendor/illuminate/view/Engines/PhpEngine.php(44): Illuminate\View\Engines\CompilerEngine->handleViewException(Object(ErrorException), 2)
#1 /var/www/frontend-test/nadezhda.atanasova/vendor/illuminate/view/Engines/CompilerEngine.php(59): Illuminate\View\Engines\PhpEngine->evaluatePath('/var/www/fronte...', Array)
#2 /var/www/frontend-test/nadezhda.atanasova/vendor/illuminate/view/View.php(135): Illuminate\View\Engines\CompilerEngine->get('/var/www/fronte...', Array)
#3 /var/www/frontend-test/nadezhda.atanasova/vendor/illuminate/view/View.php(106): Illuminate\View\View->getContents()
#4 /var/www/frontend-test/nadezhda.atanasova/vendor/illuminate/view/View.php(80): Illuminate\View\View->renderContents()
#5 /var/www/frontend-test/nadezhda.atanasova/vendor/illuminate/http/Response.php(52): Illuminate\View\View->render()
#6 /var/www/frontend-test/nadezhda.atanasova/vendor/symfony/http-foundation/Response.php(197): Illuminate\Http\Response->setContent(Object(Illuminate\View\View))
#7 /var/www/frontend-test/nadezhda.atanasova/vendor/laravel/lumen-framework/src/Concerns/RoutesRequests.php(634): Symfony\Component\HttpFoundation\Response->__construct(Object(Illuminate\View\View))
#8 /var/www/frontend-test/nadezhda.atanasova/vendor/laravel/lumen-framework/src/Concerns/RoutesRequests.php(496): Laravel\Lumen\Application->prepareResponse(Object(Illuminate\View\View))
#9 /var/www/frontend-test/nadezhda.atanasova/vendor/laravel/lumen-framework/src/Concerns/RoutesRequests.php(470): Laravel\Lumen\Application->callActionOnArrayBasedRoute(Array)
#10 /var/www/frontend-test/nadezhda.atanasova/vendor/laravel/lumen-framework/src/Concerns/RoutesRequests.php(372): Laravel\Lumen\Application->handleFoundRoute(Array)
#11 /var/www/frontend-test/nadezhda.atanasova/vendor/laravel/lumen-framework/src/Concerns/RoutesRequests.php(620): Laravel\Lumen\Application->Laravel\Lumen\Concerns\{closure}()
#12 /var/www/frontend-test/nadezhda.atanasova/vendor/laravel/lumen-framework/src/Concerns/RoutesRequests.php(378): Laravel\Lumen\Application->sendThroughPipeline(Array, Object(Closure))
#13 /var/www/frontend-test/nadezhda.atanasova/vendor/laravel/lumen-framework/src/Concerns/RoutesRequests.php(323): Laravel\Lumen\Application->dispatch(Object(Illuminate\Http\Request))
#14 /var/www/frontend-test/nadezhda.atanasova/public/index.php(28): Laravel\Lumen\Application->run(Object(Illuminate\Http\Request))
#15 {main}  
[2018-05-21 23:39:11] lumen.ERROR: Symfony\Component\Debug\Exception\FatalThrowableError: Parse error: syntax error, unexpected 'endforeach' (T_ENDFOREACH), expecting end of file in /var/www/frontend-test/nadezhda.atanasova/storage/framework/views/95beaa2fc75004847513355b3e332b02d0442c79.php:180
Stack trace:
#0 /var/www/frontend-test/nadezhda.atanasova/vendor/illuminate/view/Engines/CompilerEngine.php(59): Illuminate\View\Engines\PhpEngine->evaluatePath('/var/www/fronte...', Array)
#1 /var/www/frontend-test/nadezhda.atanasova/vendor/illuminate/view/View.php(135): Illuminate\View\Engines\CompilerEngine->get('/var/www/fronte...', Array)
#2 /var/www/frontend-test/nadezhda.atanasova/vendor/illuminate/view/View.php(106): Illuminate\View\View->getContents()
#3 /var/www/frontend-test/nadezhda.atanasova/vendor/illuminate/view/View.php(80): Illuminate\View\View->renderContents()
#4 /var/www/frontend-test/nadezhda.atanasova/vendor/illuminate/http/Response.php(52): Illuminate\View\View->render()
#5 /var/www/frontend-test/nadezhda.atanasova/vendor/symfony/http-foundation/Response.php(197): Illuminate\Http\Response->setContent(Object(Illuminate\View\View))
#6 /var/www/frontend-test/nadezhda.atanasova/vendor/laravel/lumen-framework/src/Concerns/RoutesRequests.php(634): Symfony\Component\HttpFoundation\Response->__construct(Object(Illuminate\View\View))
#7 /var/www/frontend-test/nadezhda.atanasova/vendor/laravel/lumen-framework/src/Concerns/RoutesRequests.php(496): Laravel\Lumen\Application->prepareResponse(Object(Illuminate\View\View))
#8 /var/www/frontend-test/nadezhda.atanasova/vendor/laravel/lumen-framework/src/Concerns/RoutesRequests.php(470): Laravel\Lumen\Application->callActionOnArrayBasedRoute(Array)
#9 /var/www/frontend-test/nadezhda.atanasova/vendor/laravel/lumen-framework/src/Concerns/RoutesRequests.php(372): Laravel\Lumen\Application->handleFoundRoute(Array)
#10 /var/www/frontend-test/nadezhda.atanasova/vendor/laravel/lumen-framework/src/Concerns/RoutesRequests.php(620): Laravel\Lumen\Application->Laravel\Lumen\Concerns\{closure}()
#11 /var/www/frontend-test/nadezhda.atanasova/vendor/laravel/lumen-framework/src/Concerns/RoutesRequests.php(378): Laravel\Lumen\Application->sendThroughPipeline(Array, Object(Closure))
#12 /var/www/frontend-test/nadezhda.atanasova/vendor/laravel/lumen-framework/src/Concerns/RoutesRequests.php(323): Laravel\Lumen\Application->dispatch(Object(Illuminate\Http\Request))
#13 /var/www/frontend-test/nadezhda.atanasova/public/index.php(28): Laravel\Lumen\Application->run(Object(Illuminate\Http\Request))
#14 {main}

Next ErrorException: Parse error: syntax error, unexpected 'endforeach' (T_ENDFOREACH), expecting end of file (View: /var/www/frontend-test/nadezhda.atanasova/resources/views/index.blade.php) in /var/www/frontend-test/nadezhda.atanasova/storage/framework/views/95beaa2fc75004847513355b3e332b02d0442c79.php:180
Stack trace:
#0 /var/www/frontend-test/nadezhda.atanasova/vendor/illuminate/view/Engines/PhpEngine.php(46): Illuminate\View\Engines\CompilerEngine->handleViewException(Object(Symfony\Component\Debug\Exception\FatalThrowableError), 2)
#1 /var/www/frontend-test/nadezhda.atanasova/vendor/illuminate/view/Engines/CompilerEngine.php(59): Illuminate\View\Engines\PhpEngine->evaluatePath('/var/www/fronte...', Array)
#2 /var/www/frontend-test/nadezhda.atanasova/vendor/illuminate/view/View.php(135): Illuminate\View\Engines\CompilerEngine->get('/var/www/fronte...', Array)
#3 /var/www/frontend-test/nadezhda.atanasova/vendor/illuminate/view/View.php(106): Illuminate\View\View->getContents()
#4 /var/www/frontend-test/nadezhda.atanasova/vendor/illuminate/view/View.php(80): Illuminate\View\View->renderContents()
#5 /var/www/frontend-test/nadezhda.atanasova/vendor/illuminate/http/Response.php(52): Illuminate\View\View->render()
#6 /var/www/frontend-test/nadezhda.atanasova/vendor/symfony/http-foundation/Response.php(197): Illuminate\Http\Response->setContent(Object(Illuminate\View\View))
#7 /var/www/frontend-test/nadezhda.atanasova/vendor/laravel/lumen-framework/src/Concerns/RoutesRequests.php(634): Symfony\Component\HttpFoundation\Response->__construct(Object(Illuminate\View\View))
#8 /var/www/frontend-test/nadezhda.atanasova/vendor/laravel/lumen-framework/src/Concerns/RoutesRequests.php(496): Laravel\Lumen\Application->prepareResponse(Object(Illuminate\View\View))
#9 /var/www/frontend-test/nadezhda.atanasova/vendor/laravel/lumen-framework/src/Concerns/RoutesRequests.php(470): Laravel\Lumen\Application->callActionOnArrayBasedRoute(Array)
#10 /var/www/frontend-test/nadezhda.atanasova/vendor/laravel/lumen-framework/src/Concerns/RoutesRequests.php(372): Laravel\Lumen\Application->handleFoundRoute(Array)
#11 /var/www/frontend-test/nadezhda.atanasova/vendor/laravel/lumen-framework/src/Concerns/RoutesRequests.php(620): Laravel\Lumen\Application->Laravel\Lumen\Concerns\{closure}()
#12 /var/www/frontend-test/nadezhda.atanasova/vendor/laravel/lumen-framework/src/Concerns/RoutesRequests.php(378): Laravel\Lumen\Application->sendThroughPipeline(Array, Object(Closure))
#13 /var/www/frontend-test/nadezhda.atanasova/vendor/laravel/lumen-framework/src/Concerns/RoutesRequests.php(323): Laravel\Lumen\Application->dispatch(Object(Illuminate\Http\Request))
#14 /var/www/frontend-test/nadezhda.atanasova/public/index.php(28): Laravel\Lumen\Application->run(Object(Illuminate\Http\Request))
#15 {main}  
[2018-05-23 05:11:53] lumen.ERROR: Symfony\Component\Debug\Exception\FatalThrowableError: Parse error: syntax error, unexpected 'return' (T_RETURN), expecting ']' in /var/www/frontend-test/nadezhda.atanasova/app/Http/Controllers/NewsletterController.php:14
Stack trace:
#0 /var/www/frontend-test/nadezhda.atanasova/vendor/composer/ClassLoader.php(278): Composer\Autoload\includeFile('/var/www/fronte...')
#1 [internal function]: Composer\Autoload\ClassLoader->loadClass('App\\Http\\Contro...')
#2 [internal function]: spl_autoload_call('App\\Http\\Contro...')
#3 /var/www/frontend-test/nadezhda.atanasova/vendor/illuminate/container/Container.php(736): ReflectionClass->__construct('App\\Http\\Contro...')
#4 /var/www/frontend-test/nadezhda.atanasova/vendor/illuminate/container/Container.php(631): Illuminate\Container\Container->build('App\\Http\\Contro...', Array)
#5 /var/www/frontend-test/nadezhda.atanasova/vendor/laravel/lumen-framework/src/Application.php(205): Illuminate\Container\Container->make('App\\Http\\Contro...', Array)
#6 /var/www/frontend-test/nadezhda.atanasova/vendor/laravel/lumen-framework/src/Concerns/RoutesRequests.php(512): Laravel\Lumen\Application->make('App\\Http\\Contro...')
#7 /var/www/frontend-test/nadezhda.atanasova/vendor/laravel/lumen-framework/src/Concerns/RoutesRequests.php(485): Laravel\Lumen\Application->callControllerAction(Array)
#8 /var/www/frontend-test/nadezhda.atanasova/vendor/laravel/lumen-framework/src/Concerns/RoutesRequests.php(470): Laravel\Lumen\Application->callActionOnArrayBasedRoute(Array)
#9 /var/www/frontend-test/nadezhda.atanasova/vendor/laravel/lumen-framework/src/Concerns/RoutesRequests.php(372): Laravel\Lumen\Application->handleFoundRoute(Array)
#10 /var/www/frontend-test/nadezhda.atanasova/vendor/laravel/lumen-framework/src/Concerns/RoutesRequests.php(620): Laravel\Lumen\Application->Laravel\Lumen\Concerns\{closure}()
#11 /var/www/frontend-test/nadezhda.atanasova/vendor/laravel/lumen-framework/src/Concerns/RoutesRequests.php(378): Laravel\Lumen\Application->sendThroughPipeline(Array, Object(Closure))
#12 /var/www/frontend-test/nadezhda.atanasova/vendor/laravel/lumen-framework/src/Concerns/RoutesRequests.php(323): Laravel\Lumen\Application->dispatch(Object(Illuminate\Http\Request))
#13 /var/www/frontend-test/nadezhda.atanasova/public/index.php(28): Laravel\Lumen\Application->run(Object(Illuminate\Http\Request))
#14 {main}  
[2018-06-04 10:52:17] lumen.ERROR: Symfony\Component\Debug\Exception\FatalThrowableError: Fatal error: Class 'App\Http\Controllers\Cache' not found in /var/www/frontend-test/nadezhda.atanasova/app/Http/Controllers/CartController.php:28
Stack trace:
#0 [internal function]: App\Http\Controllers\CartController->get()
#1 /var/www/frontend-test/nadezhda.atanasova/vendor/illuminate/container/Container.php(507): call_user_func_array(Array, Array)
#2 /var/www/frontend-test/nadezhda.atanasova/vendor/laravel/lumen-framework/src/Concerns/RoutesRequests.php(577): Illuminate\Container\Container->call(Array, Array)
#3 /var/www/frontend-test/nadezhda.atanasova/vendor/laravel/lumen-framework/src/Concerns/RoutesRequests.php(543): Laravel\Lumen\Application->callControllerCallable(Array, Array)
#4 /var/www/frontend-test/nadezhda.atanasova/vendor/laravel/lumen-framework/src/Concerns/RoutesRequests.php(517): Laravel\Lumen\Application->callLumenController(Object(App\Http\Controllers\CartController), 'get', Array)
#5 /var/www/frontend-test/nadezhda.atanasova/vendor/laravel/lumen-framework/src/Concerns/RoutesRequests.php(485): Laravel\Lumen\Application->callControllerAction(Array)
#6 /var/www/frontend-test/nadezhda.atanasova/vendor/laravel/lumen-framework/src/Concerns/RoutesRequests.php(470): Laravel\Lumen\Application->callActionOnArrayBasedRoute(Array)
#7 /var/www/frontend-test/nadezhda.atanasova/vendor/laravel/lumen-framework/src/Concerns/RoutesRequests.php(372): Laravel\Lumen\Application->handleFoundRoute(Array)
#8 /var/www/frontend-test/nadezhda.atanasova/vendor/laravel/lumen-framework/src/Concerns/RoutesRequests.php(620): Laravel\Lumen\Application->Laravel\Lumen\Concerns\{closure}()
#9 /var/www/frontend-test/nadezhda.atanasova/vendor/laravel/lumen-framework/src/Concerns/RoutesRequests.php(378): Laravel\Lumen\Application->sendThroughPipeline(Array, Object(Closure))
#10 /var/www/frontend-test/nadezhda.atanasova/vendor/laravel/lumen-framework/src/Concerns/RoutesRequests.php(323): Laravel\Lumen\Application->dispatch(Object(Illuminate\Http\Request))
#11 /var/www/frontend-test/nadezhda.atanasova/public/index.php(28): Laravel\Lumen\Application->run(Object(Illuminate\Http\Request))
#12 {main}  
[2018-06-04 10:52:17] lumen.ERROR: Symfony\Component\Debug\Exception\FatalThrowableError: Fatal error: Class 'App\Http\Controllers\Cache' not found in /var/www/frontend-test/nadezhda.atanasova/app/Http/Controllers/CartController.php:28
Stack trace:
#0 [internal function]: App\Http\Controllers\CartController->get()
#1 /var/www/frontend-test/nadezhda.atanasova/vendor/illuminate/container/Container.php(507): call_user_func_array(Array, Array)
#2 /var/www/frontend-test/nadezhda.atanasova/vendor/laravel/lumen-framework/src/Concerns/RoutesRequests.php(577): Illuminate\Container\Container->call(Array, Array)
#3 /var/www/frontend-test/nadezhda.atanasova/vendor/laravel/lumen-framework/src/Concerns/RoutesRequests.php(543): Laravel\Lumen\Application->callControllerCallable(Array, Array)
#4 /var/www/frontend-test/nadezhda.atanasova/vendor/laravel/lumen-framework/src/Concerns/RoutesRequests.php(517): Laravel\Lumen\Application->callLumenController(Object(App\Http\Controllers\CartController), 'get', Array)
#5 /var/www/frontend-test/nadezhda.atanasova/vendor/laravel/lumen-framework/src/Concerns/RoutesRequests.php(485): Laravel\Lumen\Application->callControllerAction(Array)
#6 /var/www/frontend-test/nadezhda.atanasova/vendor/laravel/lumen-framework/src/Concerns/RoutesRequests.php(470): Laravel\Lumen\Application->callActionOnArrayBasedRoute(Array)
#7 /var/www/frontend-test/nadezhda.atanasova/vendor/laravel/lumen-framework/src/Concerns/RoutesRequests.php(372): Laravel\Lumen\Application->handleFoundRoute(Array)
#8 /var/www/frontend-test/nadezhda.atanasova/vendor/laravel/lumen-framework/src/Concerns/RoutesRequests.php(620): Laravel\Lumen\Application->Laravel\Lumen\Concerns\{closure}()
#9 /var/www/frontend-test/nadezhda.atanasova/vendor/laravel/lumen-framework/src/Concerns/RoutesRequests.php(378): Laravel\Lumen\Application->sendThroughPipeline(Array, Object(Closure))
#10 /var/www/frontend-test/nadezhda.atanasova/vendor/laravel/lumen-framework/src/Concerns/RoutesRequests.php(323): Laravel\Lumen\Application->dispatch(Object(Illuminate\Http\Request))
#11 /var/www/frontend-test/nadezhda.atanasova/public/index.php(28): Laravel\Lumen\Application->run(Object(Illuminate\Http\Request))
#12 {main}  
[2018-06-04 10:52:29] lumen.ERROR: Symfony\Component\Debug\Exception\FatalThrowableError: Fatal error: Class 'App\Http\Controllers\Cache' not found in /var/www/frontend-test/nadezhda.atanasova/app/Http/Controllers/CartController.php:28
Stack trace:
#0 [internal function]: App\Http\Controllers\CartController->get()
#1 /var/www/frontend-test/nadezhda.atanasova/vendor/illuminate/container/Container.php(507): call_user_func_array(Array, Array)
#2 /var/www/frontend-test/nadezhda.atanasova/vendor/laravel/lumen-framework/src/Concerns/RoutesRequests.php(577): Illuminate\Container\Container->call(Array, Array)
#3 /var/www/frontend-test/nadezhda.atanasova/vendor/laravel/lumen-framework/src/Concerns/RoutesRequests.php(543): Laravel\Lumen\Application->callControllerCallable(Array, Array)
#4 /var/www/frontend-test/nadezhda.atanasova/vendor/laravel/lumen-framework/src/Concerns/RoutesRequests.php(517): Laravel\Lumen\Application->callLumenController(Object(App\Http\Controllers\CartController), 'get', Array)
#5 /var/www/frontend-test/nadezhda.atanasova/vendor/laravel/lumen-framework/src/Concerns/RoutesRequests.php(485): Laravel\Lumen\Application->callControllerAction(Array)
#6 /var/www/frontend-test/nadezhda.atanasova/vendor/laravel/lumen-framework/src/Concerns/RoutesRequests.php(470): Laravel\Lumen\Application->callActionOnArrayBasedRoute(Array)
#7 /var/www/frontend-test/nadezhda.atanasova/vendor/laravel/lumen-framework/src/Concerns/RoutesRequests.php(372): Laravel\Lumen\Application->handleFoundRoute(Array)
#8 /var/www/frontend-test/nadezhda.atanasova/vendor/laravel/lumen-framework/src/Concerns/RoutesRequests.php(620): Laravel\Lumen\Application->Laravel\Lumen\Concerns\{closure}()
#9 /var/www/frontend-test/nadezhda.atanasova/vendor/laravel/lumen-framework/src/Concerns/RoutesRequests.php(378): Laravel\Lumen\Application->sendThroughPipeline(Array, Object(Closure))
#10 /var/www/frontend-test/nadezhda.atanasova/vendor/laravel/lumen-framework/src/Concerns/RoutesRequests.php(323): Laravel\Lumen\Application->dispatch(Object(Illuminate\Http\Request))
#11 /var/www/frontend-test/nadezhda.atanasova/public/index.php(28): Laravel\Lumen\Application->run(Object(Illuminate\Http\Request))
#12 {main}  
[2018-06-04 10:52:29] lumen.ERROR: Symfony\Component\Debug\Exception\FatalThrowableError: Fatal error: Class 'App\Http\Controllers\Cache' not found in /var/www/frontend-test/nadezhda.atanasova/app/Http/Controllers/CartController.php:28
Stack trace:
#0 [internal function]: App\Http\Controllers\CartController->get()
#1 /var/www/frontend-test/nadezhda.atanasova/vendor/illuminate/container/Container.php(507): call_user_func_array(Array, Array)
#2 /var/www/frontend-test/nadezhda.atanasova/vendor/laravel/lumen-framework/src/Concerns/RoutesRequests.php(577): Illuminate\Container\Container->call(Array, Array)
#3 /var/www/frontend-test/nadezhda.atanasova/vendor/laravel/lumen-framework/src/Concerns/RoutesRequests.php(543): Laravel\Lumen\Application->callControllerCallable(Array, Array)
#4 /var/www/frontend-test/nadezhda.atanasova/vendor/laravel/lumen-framework/src/Concerns/RoutesRequests.php(517): Laravel\Lumen\Application->callLumenController(Object(App\Http\Controllers\CartController), 'get', Array)
#5 /var/www/frontend-test/nadezhda.atanasova/vendor/laravel/lumen-framework/src/Concerns/RoutesRequests.php(485): Laravel\Lumen\Application->callControllerAction(Array)
#6 /var/www/frontend-test/nadezhda.atanasova/vendor/laravel/lumen-framework/src/Concerns/RoutesRequests.php(470): Laravel\Lumen\Application->callActionOnArrayBasedRoute(Array)
#7 /var/www/frontend-test/nadezhda.atanasova/vendor/laravel/lumen-framework/src/Concerns/RoutesRequests.php(372): Laravel\Lumen\Application->handleFoundRoute(Array)
#8 /var/www/frontend-test/nadezhda.atanasova/vendor/laravel/lumen-framework/src/Concerns/RoutesRequests.php(620): Laravel\Lumen\Application->Laravel\Lumen\Concerns\{closure}()
#9 /var/www/frontend-test/nadezhda.atanasova/vendor/laravel/lumen-framework/src/Concerns/RoutesRequests.php(378): Laravel\Lumen\Application->sendThroughPipeline(Array, Object(Closure))
#10 /var/www/frontend-test/nadezhda.atanasova/vendor/laravel/lumen-framework/src/Concerns/RoutesRequests.php(323): Laravel\Lumen\Application->dispatch(Object(Illuminate\Http\Request))
#11 /var/www/frontend-test/nadezhda.atanasova/public/index.php(28): Laravel\Lumen\Application->run(Object(Illuminate\Http\Request))
#12 {main}  
[2018-06-04 10:52:30] lumen.ERROR: Symfony\Component\Debug\Exception\FatalThrowableError: Fatal error: Class 'App\Http\Controllers\Cache' not found in /var/www/frontend-test/nadezhda.atanasova/app/Http/Controllers/CartController.php:28
Stack trace:
#0 [internal function]: App\Http\Controllers\CartController->get()
#1 /var/www/frontend-test/nadezhda.atanasova/vendor/illuminate/container/Container.php(507): call_user_func_array(Array, Array)
#2 /var/www/frontend-test/nadezhda.atanasova/vendor/laravel/lumen-framework/src/Concerns/RoutesRequests.php(577): Illuminate\Container\Container->call(Array, Array)
#3 /var/www/frontend-test/nadezhda.atanasova/vendor/laravel/lumen-framework/src/Concerns/RoutesRequests.php(543): Laravel\Lumen\Application->callControllerCallable(Array, Array)
#4 /var/www/frontend-test/nadezhda.atanasova/vendor/laravel/lumen-framework/src/Concerns/RoutesRequests.php(517): Laravel\Lumen\Application->callLumenController(Object(App\Http\Controllers\CartController), 'get', Array)
#5 /var/www/frontend-test/nadezhda.atanasova/vendor/laravel/lumen-framework/src/Concerns/RoutesRequests.php(485): Laravel\Lumen\Application->callControllerAction(Array)
#6 /var/www/frontend-test/nadezhda.atanasova/vendor/laravel/lumen-framework/src/Concerns/RoutesRequests.php(470): Laravel\Lumen\Application->callActionOnArrayBasedRoute(Array)
#7 /var/www/frontend-test/nadezhda.atanasova/vendor/laravel/lumen-framework/src/Concerns/RoutesRequests.php(372): Laravel\Lumen\Application->handleFoundRoute(Array)
#8 /var/www/frontend-test/nadezhda.atanasova/vendor/laravel/lumen-framework/src/Concerns/RoutesRequests.php(620): Laravel\Lumen\Application->Laravel\Lumen\Concerns\{closure}()
#9 /var/www/frontend-test/nadezhda.atanasova/vendor/laravel/lumen-framework/src/Concerns/RoutesRequests.php(378): Laravel\Lumen\Application->sendThroughPipeline(Array, Object(Closure))
#10 /var/www/frontend-test/nadezhda.atanasova/vendor/laravel/lumen-framework/src/Concerns/RoutesRequests.php(323): Laravel\Lumen\Application->dispatch(Object(Illuminate\Http\Request))
#11 /var/www/frontend-test/nadezhda.atanasova/public/index.php(28): Laravel\Lumen\Application->run(Object(Illuminate\Http\Request))
#12 {main}  
[2018-06-04 10:52:30] lumen.ERROR: Symfony\Component\Debug\Exception\FatalThrowableError: Fatal error: Class 'App\Http\Controllers\Cache' not found in /var/www/frontend-test/nadezhda.atanasova/app/Http/Controllers/CartController.php:28
Stack trace:
#0 [internal function]: App\Http\Controllers\CartController->get()
#1 /var/www/frontend-test/nadezhda.atanasova/vendor/illuminate/container/Container.php(507): call_user_func_array(Array, Array)
#2 /var/www/frontend-test/nadezhda.atanasova/vendor/laravel/lumen-framework/src/Concerns/RoutesRequests.php(577): Illuminate\Container\Container->call(Array, Array)
#3 /var/www/frontend-test/nadezhda.atanasova/vendor/laravel/lumen-framework/src/Concerns/RoutesRequests.php(543): Laravel\Lumen\Application->callControllerCallable(Array, Array)
#4 /var/www/frontend-test/nadezhda.atanasova/vendor/laravel/lumen-framework/src/Concerns/RoutesRequests.php(517): Laravel\Lumen\Application->callLumenController(Object(App\Http\Controllers\CartController), 'get', Array)
#5 /var/www/frontend-test/nadezhda.atanasova/vendor/laravel/lumen-framework/src/Concerns/RoutesRequests.php(485): Laravel\Lumen\Application->callControllerAction(Array)
#6 /var/www/frontend-test/nadezhda.atanasova/vendor/laravel/lumen-framework/src/Concerns/RoutesRequests.php(470): Laravel\Lumen\Application->callActionOnArrayBasedRoute(Array)
#7 /var/www/frontend-test/nadezhda.atanasova/vendor/laravel/lumen-framework/src/Concerns/RoutesRequests.php(372): Laravel\Lumen\Application->handleFoundRoute(Array)
#8 /var/www/frontend-test/nadezhda.atanasova/vendor/laravel/lumen-framework/src/Concerns/RoutesRequests.php(620): Laravel\Lumen\Application->Laravel\Lumen\Concerns\{closure}()
#9 /var/www/frontend-test/nadezhda.atanasova/vendor/laravel/lumen-framework/src/Concerns/RoutesRequests.php(378): Laravel\Lumen\Application->sendThroughPipeline(Array, Object(Closure))
#10 /var/www/frontend-test/nadezhda.atanasova/vendor/laravel/lumen-framework/src/Concerns/RoutesRequests.php(323): Laravel\Lumen\Application->dispatch(Object(Illuminate\Http\Request))
#11 /var/www/frontend-test/nadezhda.atanasova/public/index.php(28): Laravel\Lumen\Application->run(Object(Illuminate\Http\Request))
#12 {main}  
[2018-06-04 10:52:30] lumen.ERROR: Symfony\Component\Debug\Exception\FatalThrowableError: Fatal error: Class 'App\Http\Controllers\Cache' not found in /var/www/frontend-test/nadezhda.atanasova/app/Http/Controllers/CartController.php:28
Stack trace:
#0 [internal function]: App\Http\Controllers\CartController->get()
#1 /var/www/frontend-test/nadezhda.atanasova/vendor/illuminate/container/Container.php(507): call_user_func_array(Array, Array)
#2 /var/www/frontend-test/nadezhda.atanasova/vendor/laravel/lumen-framework/src/Concerns/RoutesRequests.php(577): Illuminate\Container\Container->call(Array, Array)
#3 /var/www/frontend-test/nadezhda.atanasova/vendor/laravel/lumen-framework/src/Concerns/RoutesRequests.php(543): Laravel\Lumen\Application->callControllerCallable(Array, Array)
#4 /var/www/frontend-test/nadezhda.atanasova/vendor/laravel/lumen-framework/src/Concerns/RoutesRequests.php(517): Laravel\Lumen\Application->callLumenController(Object(App\Http\Controllers\CartController), 'get', Array)
#5 /var/www/frontend-test/nadezhda.atanasova/vendor/laravel/lumen-framework/src/Concerns/RoutesRequests.php(485): Laravel\Lumen\Application->callControllerAction(Array)
#6 /var/www/frontend-test/nadezhda.atanasova/vendor/laravel/lumen-framework/src/Concerns/RoutesRequests.php(470): Laravel\Lumen\Application->callActionOnArrayBasedRoute(Array)
#7 /var/www/frontend-test/nadezhda.atanasova/vendor/laravel/lumen-framework/src/Concerns/RoutesRequests.php(372): Laravel\Lumen\Application->handleFoundRoute(Array)
#8 /var/www/frontend-test/nadezhda.atanasova/vendor/laravel/lumen-framework/src/Concerns/RoutesRequests.php(620): Laravel\Lumen\Application->Laravel\Lumen\Concerns\{closure}()
#9 /var/www/frontend-test/nadezhda.atanasova/vendor/laravel/lumen-framework/src/Concerns/RoutesRequests.php(378): Laravel\Lumen\Application->sendThroughPipeline(Array, Object(Closure))
#10 /var/www/frontend-test/nadezhda.atanasova/vendor/laravel/lumen-framework/src/Concerns/RoutesRequests.php(323): Laravel\Lumen\Application->dispatch(Object(Illuminate\Http\Request))
#11 /var/www/frontend-test/nadezhda.atanasova/public/index.php(28): Laravel\Lumen\Application->run(Object(Illuminate\Http\Request))
#12 {main}  
[2018-06-04 10:52:30] lumen.ERROR: Symfony\Component\Debug\Exception\FatalThrowableError: Fatal error: Class 'App\Http\Controllers\Cache' not found in /var/www/frontend-test/nadezhda.atanasova/app/Http/Controllers/CartController.php:28
Stack trace:
#0 [internal function]: App\Http\Controllers\CartController->get()
#1 /var/www/frontend-test/nadezhda.atanasova/vendor/illuminate/container/Container.php(507): call_user_func_array(Array, Array)
#2 /var/www/frontend-test/nadezhda.atanasova/vendor/laravel/lumen-framework/src/Concerns/RoutesRequests.php(577): Illuminate\Container\Container->call(Array, Array)
#3 /var/www/frontend-test/nadezhda.atanasova/vendor/laravel/lumen-framework/src/Concerns/RoutesRequests.php(543): Laravel\Lumen\Application->callControllerCallable(Array, Array)
#4 /var/www/frontend-test/nadezhda.atanasova/vendor/laravel/lumen-framework/src/Concerns/RoutesRequests.php(517): Laravel\Lumen\Application->callLumenController(Object(App\Http\Controllers\CartController), 'get', Array)
#5 /var/www/frontend-test/nadezhda.atanasova/vendor/laravel/lumen-framework/src/Concerns/RoutesRequests.php(485): Laravel\Lumen\Application->callControllerAction(Array)
#6 /var/www/frontend-test/nadezhda.atanasova/vendor/laravel/lumen-framework/src/Concerns/RoutesRequests.php(470): Laravel\Lumen\Application->callActionOnArrayBasedRoute(Array)
#7 /var/www/frontend-test/nadezhda.atanasova/vendor/laravel/lumen-framework/src/Concerns/RoutesRequests.php(372): Laravel\Lumen\Application->handleFoundRoute(Array)
#8 /var/www/frontend-test/nadezhda.atanasova/vendor/laravel/lumen-framework/src/Concerns/RoutesRequests.php(620): Laravel\Lumen\Application->Laravel\Lumen\Concerns\{closure}()
#9 /var/www/frontend-test/nadezhda.atanasova/vendor/laravel/lumen-framework/src/Concerns/RoutesRequests.php(378): Laravel\Lumen\Application->sendThroughPipeline(Array, Object(Closure))
#10 /var/www/frontend-test/nadezhda.atanasova/vendor/laravel/lumen-framework/src/Concerns/RoutesRequests.php(323): Laravel\Lumen\Application->dispatch(Object(Illuminate\Http\Request))
#11 /var/www/frontend-test/nadezhda.atanasova/public/index.php(28): Laravel\Lumen\Application->run(Object(Illuminate\Http\Request))
#12 {main}  
[2018-06-04 10:52:32] lumen.ERROR: Symfony\Component\Debug\Exception\FatalThrowableError: Fatal error: Class 'App\Http\Controllers\Cache' not found in /var/www/frontend-test/nadezhda.atanasova/app/Http/Controllers/CartController.php:28
Stack trace:
#0 [internal function]: App\Http\Controllers\CartController->get()
#1 /var/www/frontend-test/nadezhda.atanasova/vendor/illuminate/container/Container.php(507): call_user_func_array(Array, Array)
#2 /var/www/frontend-test/nadezhda.atanasova/vendor/laravel/lumen-framework/src/Concerns/RoutesRequests.php(577): Illuminate\Container\Container->call(Array, Array)
#3 /var/www/frontend-test/nadezhda.atanasova/vendor/laravel/lumen-framework/src/Concerns/RoutesRequests.php(543): Laravel\Lumen\Application->callControllerCallable(Array, Array)
#4 /var/www/frontend-test/nadezhda.atanasova/vendor/laravel/lumen-framework/src/Concerns/RoutesRequests.php(517): Laravel\Lumen\Application->callLumenController(Object(App\Http\Controllers\CartController), 'get', Array)
#5 /var/www/frontend-test/nadezhda.atanasova/vendor/laravel/lumen-framework/src/Concerns/RoutesRequests.php(485): Laravel\Lumen\Application->callControllerAction(Array)
#6 /var/www/frontend-test/nadezhda.atanasova/vendor/laravel/lumen-framework/src/Concerns/RoutesRequests.php(470): Laravel\Lumen\Application->callActionOnArrayBasedRoute(Array)
#7 /var/www/frontend-test/nadezhda.atanasova/vendor/laravel/lumen-framework/src/Concerns/RoutesRequests.php(372): Laravel\Lumen\Application->handleFoundRoute(Array)
#8 /var/www/frontend-test/nadezhda.atanasova/vendor/laravel/lumen-framework/src/Concerns/RoutesRequests.php(620): Laravel\Lumen\Application->Laravel\Lumen\Concerns\{closure}()
#9 /var/www/frontend-test/nadezhda.atanasova/vendor/laravel/lumen-framework/src/Concerns/RoutesRequests.php(378): Laravel\Lumen\Application->sendThroughPipeline(Array, Object(Closure))
#10 /var/www/frontend-test/nadezhda.atanasova/vendor/laravel/lumen-framework/src/Concerns/RoutesRequests.php(323): Laravel\Lumen\Application->dispatch(Object(Illuminate\Http\Request))
#11 /var/www/frontend-test/nadezhda.atanasova/public/index.php(28): Laravel\Lumen\Application->run(Object(Illuminate\Http\Request))
#12 {main}  
[2018-06-04 10:52:32] lumen.ERROR: Symfony\Component\Debug\Exception\FatalThrowableError: Fatal error: Class 'App\Http\Controllers\Cache' not found in /var/www/frontend-test/nadezhda.atanasova/app/Http/Controllers/CartController.php:28
Stack trace:
#0 [internal function]: App\Http\Controllers\CartController->get()
#1 /var/www/frontend-test/nadezhda.atanasova/vendor/illuminate/container/Container.php(507): call_user_func_array(Array, Array)
#2 /var/www/frontend-test/nadezhda.atanasova/vendor/laravel/lumen-framework/src/Concerns/RoutesRequests.php(577): Illuminate\Container\Container->call(Array, Array)
#3 /var/www/frontend-test/nadezhda.atanasova/vendor/laravel/lumen-framework/src/Concerns/RoutesRequests.php(543): Laravel\Lumen\Application->callControllerCallable(Array, Array)
#4 /var/www/frontend-test/nadezhda.atanasova/vendor/laravel/lumen-framework/src/Concerns/RoutesRequests.php(517): Laravel\Lumen\Application->callLumenController(Object(App\Http\Controllers\CartController), 'get', Array)
#5 /var/www/frontend-test/nadezhda.atanasova/vendor/laravel/lumen-framework/src/Concerns/RoutesRequests.php(485): Laravel\Lumen\Application->callControllerAction(Array)
#6 /var/www/frontend-test/nadezhda.atanasova/vendor/laravel/lumen-framework/src/Concerns/RoutesRequests.php(470): Laravel\Lumen\Application->callActionOnArrayBasedRoute(Array)
#7 /var/www/frontend-test/nadezhda.atanasova/vendor/laravel/lumen-framework/src/Concerns/RoutesRequests.php(372): Laravel\Lumen\Application->handleFoundRoute(Array)
#8 /var/www/frontend-test/nadezhda.atanasova/vendor/laravel/lumen-framework/src/Concerns/RoutesRequests.php(620): Laravel\Lumen\Application->Laravel\Lumen\Concerns\{closure}()
#9 /var/www/frontend-test/nadezhda.atanasova/vendor/laravel/lumen-framework/src/Concerns/RoutesRequests.php(378): Laravel\Lumen\Application->sendThroughPipeline(Array, Object(Closure))
#10 /var/www/frontend-test/nadezhda.atanasova/vendor/laravel/lumen-framework/src/Concerns/RoutesRequests.php(323): Laravel\Lumen\Application->dispatch(Object(Illuminate\Http\Request))
#11 /var/www/frontend-test/nadezhda.atanasova/public/index.php(28): Laravel\Lumen\Application->run(Object(Illuminate\Http\Request))
#12 {main}  
